=====================================================================
== C:\Program Files (x86)\Steam\steamapps\common\Arma 3\arma3.exe
== "C:\Program Files (x86)\Steam\steamapps\common\Arma 3\arma3.exe" -mod=

Original output filename: Arma3Retail_DX11
Exe timestamp: 2016/12/07 10:50:01
Current time:  2017/01/27 18:27:01

Type: Public
Build: Stable
Version: 1.66.139586

Allocator: C:\Program Files (x86)\Steam\steamapps\common\Arma 3\dll\tbb4malloc_bi.dll
=====================================================================

18:27:01 Cannot register unknown string STR_USRACT_ACTIVESENSORSTOGGLE
18:27:01 Cannot register unknown string STR_CONTROLS_TOOLTIPS_SENSORS
18:27:01 Cannot register unknown string STR_CLIENT_IS_HOST
18:27:01 Cannot register unknown string STR_CLIENT_IS_DS_ADMIN
18:27:01 Initializing stats manager.
18:27:01 sessionID: 413743299b0c74d9e79eb8380e83e485d17bf40e
18:27:08 Updating base class RscShortcutButton->RscButton, by a3\editor_f\config.bin/RscDisplayEditObject/Controls/B_OK/
18:27:08 Updating base class RscSliderH->RscXSliderH, by a3\editor_f\config.bin/RscDisplayEditObject/Slider/
18:27:08 Updating base class RscText->RscPicture, by a3\editor_f\config.bin/RscDisplayEditObject/Preview/
18:27:08 Updating base class RscShortcutButton->RscButton, by a3\editor_f\config.bin/RscDisplayMissionLoad/Controls/B_OK/
18:27:08 Updating base class RscShortcutButton->RscButton, by a3\editor_f\config.bin/RscDisplayMissionSave/Controls/B_OK/
18:27:08 Updating base class BlendAnims->, by a3\anims_f\config\sdr\weaponswitching\config.bin/CfgMovesMaleSdr/BlendAnims/
18:27:08 Updating base class ->RscControlsGroup, by a3\ui_f\config.bin/RscControlsGroupNoScrollbars/
18:27:08 Updating base class ->RscControlsGroup, by a3\ui_f\config.bin/RscControlsGroupNoHScrollbars/
18:27:08 Updating base class ->RscControlsGroup, by a3\ui_f\config.bin/RscControlsGroupNoVScrollbars/
18:27:08 Updating base class ->RscText, by a3\ui_f\config.bin/RscLine/
18:27:08 Updating base class ->RscActiveText, by a3\ui_f\config.bin/RscActivePicture/
18:27:08 Updating base class ->RscButton, by a3\ui_f\config.bin/RscButtonTextOnly/
18:27:08 Updating base class ->RscShortcutButton, by a3\ui_f\config.bin/RscShortcutButtonMain/
18:27:08 Updating base class ->RscShortcutButton, by a3\ui_f\config.bin/RscButtonEditor/
18:27:08 Updating base class ->RscShortcutButton, by a3\ui_f\config.bin/RscIGUIShortcutButton/
18:27:08 Updating base class ->RscShortcutButton, by a3\ui_f\config.bin/RscGearShortcutButton/
18:27:08 Updating base class ->RscShortcutButton, by a3\ui_f\config.bin/RscButtonMenu/
18:27:08 Updating base class ->RscButtonMenu, by a3\ui_f\config.bin/RscButtonMenuOK/
18:27:08 Updating base class ->RscButtonMenu, by a3\ui_f\config.bin/RscButtonMenuCancel/
18:27:08 Updating base class ->RscButtonMenu, by a3\ui_f\config.bin/RscButtonMenuSteam/
18:27:08 Updating base class ->RscText, by a3\ui_f\config.bin/RscLoadingText/
18:27:08 Updating base class ->RscListBox, by a3\ui_f\config.bin/RscIGUIListBox/
18:27:08 Updating base class ->RscListNBox, by a3\ui_f\config.bin/RscIGUIListNBox/
18:27:08 Updating base class ->RscText, by a3\ui_f\config.bin/RscBackground/
18:27:08 Updating base class ->RscText, by a3\ui_f\config.bin/RscBackgroundGUI/
18:27:08 Updating base class ->RscPicture, by a3\ui_f\config.bin/RscBackgroundGUILeft/
18:27:08 Updating base class ->RscPicture, by a3\ui_f\config.bin/RscBackgroundGUIRight/
18:27:08 Updating base class ->RscPicture, by a3\ui_f\config.bin/RscBackgroundGUIBottom/
18:27:08 Updating base class ->RscText, by a3\ui_f\config.bin/RscBackgroundGUITop/
18:27:08 Updating base class ->RscText, by a3\ui_f\config.bin/RscBackgroundGUIDark/
18:27:08 Updating base class ->RscPictureKeepAspect, by a3\ui_f\config.bin/RscBackgroundLogo/
18:27:08 Updating base class ->RscMapControl, by a3\ui_f\config.bin/RscMapControlEmpty/
18:27:08 Updating base class ->RscPicture, by a3\ui_f\config.bin/CA_Mainback/
18:27:08 Updating base class ->CA_Mainback, by a3\ui_f\config.bin/CA_Back/
18:27:08 Updating base class ->CA_Mainback, by a3\ui_f\config.bin/CA_Title_Back/
18:27:08 Updating base class ->CA_Mainback, by a3\ui_f\config.bin/CA_Black_Back/
18:27:08 Updating base class ->RscTitle, by a3\ui_f\config.bin/CA_Title/
18:27:08 Updating base class ->RscPictureKeepAspect, by a3\ui_f\config.bin/CA_Logo/
18:27:08 Updating base class ->CA_Logo, by a3\ui_f\config.bin/CA_Logo_Small/
18:27:08 Updating base class ->RscButton, by a3\ui_f\config.bin/CA_RscButton/
18:27:08 Updating base class ->CA_RscButton, by a3\ui_f\config.bin/CA_RscButton_dialog/
18:27:08 Updating base class ->RscActiveText, by a3\ui_f\config.bin/CA_Ok/
18:27:08 Updating base class ->RscText, by a3\ui_f\config.bin/CA_Ok_image/
18:27:08 Updating base class ->RscText, by a3\ui_f\config.bin/CA_Ok_image2/
18:27:08 Updating base class ->RscText, by a3\ui_f\config.bin/CA_Ok_text/
18:27:08 Updating base class ->RscPicture, by a3\ui_f\config.bin/RscVignette/
18:27:08 Updating base class ->RscControlsGroupNoScrollbars, by a3\ui_f\config.bin/RscMapControlTooltip/
18:27:08 Updating base class RscUnitInfo->RscUnitInfoAirNoWeapon, by a3\ui_f\config.bin/RscInGameUI/RscUnitInfoAir/
18:27:08 Updating base class RscControlsGroup->RscControlsGroupNoScrollbars, by a3\ui_f\config.bin/RscInGameUI/RscTaskOverview/controls/TaskOverviewAssigned/
18:27:08 Updating base class RscShortcutButton->RscButtonMenu, by a3\ui_f\config.bin/RscDisplayDebug/Controls/B_OK/
18:27:08 Updating base class RscShortcutButton->RscButtonMenu, by a3\ui_f\config.bin/RscDisplayDebug/Controls/B_Cancel/
18:27:08 Updating base class RscShortcutButton->RscButtonMenu, by a3\ui_f\config.bin/RscDisplayDebug/Controls/B_Clear/
18:27:08 Updating base class ->RscText, by a3\ui_f\config.bin/RscDisplayCapture/controls/TimeLines/
18:27:08 Updating base class RscShortcutButton->RscButtonMenu, by a3\ui_f\config.bin/RscDisplayCapture/controls/ButtonAverages/
18:27:08 Updating base class RscShortcutButton->RscButtonMenu, by a3\ui_f\config.bin/RscDisplayCapture/controls/ButtonSavePreviousData/
18:27:08 Updating base class RscShortcutButton->RscButtonMenu, by a3\ui_f\config.bin/RscDisplayCapture/controls/ButtonPreviousData/
18:27:08 Updating base class RscPicture->RscPictureKeepAspect, by a3\ui_f\config.bin/RscDisplayMain/IconPicture/
18:27:08 Updating base class IconPicture->RscPictureKeepAspect, by a3\ui_f\config.bin/RscDisplayMain/DlcOwnedIconPicture/
18:27:08 Updating base class IconPicture->RscPictureKeepAspect, by a3\ui_f\config.bin/RscDisplayMain/DlcIconPicture/
18:27:08 Updating base class RscControlsGroup->RscControlsGroupNoScrollbars, by a3\ui_f\config.bin/RscDisplayCampaignLoad/controls/OverviewGroup/
18:27:08 Updating base class RscButton->RscButtonSearch, by a3\ui_f\config.bin/RscDisplayCampaignLoad/controls/SearchButton/
18:27:08 Updating base class RscShortcutButton->RscButtonMenuCancel, by a3\ui_f\config.bin/RscDisplayCampaignLoad/controls/ButtonCancel/
18:27:08 Updating base class RscShortcutButton->RscButtonMenu, by a3\ui_f\config.bin/RscDisplayCampaignLoad/controls/ButtonGameOptions/
18:27:08 Updating base class RscShortcutButton->RscButtonMenuSteam, by a3\ui_f\config.bin/RscDisplayCampaignLoad/controls/ButtonBuyDLC/
18:27:08 Updating base class RscShortcutButton->RscButtonMenu, by a3\ui_f\config.bin/RscDisplayCampaignLoad/controls/ButtonRevert/
18:27:08 Updating base class RscShortcutButton->RscButtonMenuOK, by a3\ui_f\config.bin/RscDisplayCampaignLoad/controls/ButtonOK/
18:27:08 Updating base class RscListBox->RscCombo, by a3\ui_f\config.bin/RscDisplayCustomizeController/Steepness/
18:27:08 Updating base class ->RscStandardDisplay, by a3\ui_f\config.bin/RscDisplayControlSchemes/
18:27:08 Updating base class ButtonOK->RscButtonMenuCancel, by a3\ui_f\config.bin/RscDisplayControlSchemes/controls/ButtonCancel/
18:27:08 Updating base class RscButton->RscButtonMenuOK, by a3\ui_f\config.bin/RscDisplayControlSchemes/controls/ButtonOK/
18:27:08 Updating base class RscPicture->RscPictureKeepAspect, by a3\ui_f\config.bin/RscDisplayFileSelectImage/controls/OverviewPicture/
18:27:08 Updating base class RscShortcutButton->RscButtonMenuCancel, by a3\ui_f\config.bin/RscDisplayFieldManual/controls/ButtonCancel/
18:27:08 Cannot delete class B_KickOff, it is referenced somewhere (used as a base class probably).
18:27:08 Updating base class RscButton->RscButtonMenuCancel, by a3\ui_f\config.bin/RscDisplayPublishMission/controls/ButtonCancel/
18:27:08 Updating base class RscShortcutButton->RscButtonMenuOK, by a3\ui_f\config.bin/RscDisplayPublishMissionSelectTags/controls/ButtonOK/
18:27:08 Updating base class ButtonOK->RscButtonMenuCancel, by a3\ui_f\config.bin/RscDisplayPublishMissionSelectTags/controls/ButtonCancel/
18:27:08 Updating base class ->RscSubmenu, by a3\ui_f\config.bin/RscMainMenu/
18:27:08 Cannot update non class from class a3\ui_f\config.bin/RscCallSupport/Items/
18:27:08 Cannot update non class from class a3\ui_f\config.bin/RscRadio/Items/
18:27:08 Updating base class ->DistanceClose, by a3\ui_f\config.bin/CfgSimpleTasks/Icon3D/DistanceMid/
18:27:08 Updating base class ->DistanceClose, by a3\ui_f\config.bin/CfgSimpleTasks/Icon3D/DistanceLong/
18:27:08 Updating base class ->BlendAnims, by a3\soft_f_kart\kart_01\config.bin/CfgMovesMaleSdr/BlendAnims/
18:27:08 Updating base class RscText->ctrlStaticBackgroundDisable, by a3\3den\config.bin/RscDisplayOptionsAudio/ControlsBackground/BackgroundDisable/
18:27:08 Updating base class RscText->ctrlStaticBackgroundDisableTiles, by a3\3den\config.bin/RscDisplayOptionsAudio/ControlsBackground/BackgroundDisableTiles/
18:27:08 Updating base class RscText->ctrlStaticBackgroundDisable, by a3\3den\config.bin/RscDisplayConfigure/ControlsBackground/BackgroundDisable/
18:27:08 Updating base class RscText->ctrlStaticBackgroundDisableTiles, by a3\3den\config.bin/RscDisplayConfigure/ControlsBackground/BackgroundDisableTiles/
18:27:08 Updating base class RscText->ctrlStaticBackgroundDisable, by a3\3den\config.bin/RscDisplayConfigureAction/ControlsBackground/BackgroundDisable/
18:27:08 Updating base class RscText->ctrlStaticBackgroundDisableTiles, by a3\3den\config.bin/RscDisplayConfigureAction/ControlsBackground/BackgroundDisableTiles/
18:27:08 Updating base class RscText->ctrlStaticBackgroundDisable, by a3\3den\config.bin/RscDisplayConfigureControllers/ControlsBackground/BackgroundDisable/
18:27:08 Updating base class RscText->ctrlStaticBackgroundDisableTiles, by a3\3den\config.bin/RscDisplayConfigureControllers/ControlsBackground/BackgroundDisableTiles/
18:27:08 Updating base class RscText->ctrlStaticBackgroundDisable, by a3\3den\config.bin/RscDisplayGameOptions/ControlsBackground/BackgroundDisable/
18:27:08 Updating base class RscText->ctrlStaticBackgroundDisableTiles, by a3\3den\config.bin/RscDisplayGameOptions/ControlsBackground/BackgroundDisableTiles/
18:27:08 Updating base class controls->, by a3\3den\config.bin/RscDisplayArcadeMap_Layout_2/Controls/
18:27:08 Updating base class controls->, by a3\3den\config.bin/RscDisplayArcadeMap_Layout_6/Controls/
18:27:11 Initializing Steam Manager
18:27:11 Starting initial content check.
18:27:11 Steam Manager initialized.
18:27:11 
18:27:11 ==== Loaded addons ====
18:27:11 
18:27:11 dta\bin.pbo - 139586
18:27:11 dta\core.pbo - 108474
18:27:11 dta\languagecore_f.pbo - 108412
18:27:11 C:\Program Files (x86)\Steam\steamapps\common\Arma 3\expansion\addons\air_f_exp.ebo - 107468
18:27:11 C:\Program Files (x86)\Steam\steamapps\common\Arma 3\expansion\addons\anims_f_exp.ebo - 107365
18:27:11 C:\Program Files (x86)\Steam\steamapps\common\Arma 3\expansion\addons\armor_f_exp.ebo - 107282
18:27:11 C:\Program Files (x86)\Steam\steamapps\common\Arma 3\expansion\addons\boat_f_exp.ebo - 107282
18:27:11 C:\Program Files (x86)\Steam\steamapps\common\Arma 3\expansion\addons\cargoposes_f_exp.ebo - 107282
18:27:11 C:\Program Files (x86)\Steam\steamapps\common\Arma 3\expansion\addons\characters_f_exp.ebo - 108363
18:27:11 C:\Program Files (x86)\Steam\steamapps\common\Arma 3\expansion\addons\data_f_exp.ebo - 108301
18:27:11 C:\Program Files (x86)\Steam\steamapps\common\Arma 3\expansion\addons\dubbing_f_exp.ebo - 107941
18:27:11 C:\Program Files (x86)\Steam\steamapps\common\Arma 3\expansion\addons\dubbing_radio_f_exp.ebo - 107282
18:27:11 C:\Program Files (x86)\Steam\steamapps\common\Arma 3\expansion\addons\dubbing_radio_f_exp_data_chi.ebo - 107282
18:27:11 C:\Program Files (x86)\Steam\steamapps\common\Arma 3\expansion\addons\dubbing_radio_f_exp_data_engfre.ebo - 107282
18:27:11 C:\Program Files (x86)\Steam\steamapps\common\Arma 3\expansion\addons\dubbing_radio_f_exp_data_fre.ebo - 107282
18:27:11 C:\Program Files (x86)\Steam\steamapps\common\Arma 3\expansion\addons\editorpreviews_f_exp.ebo - 107282
18:27:11 C:\Program Files (x86)\Steam\steamapps\common\Arma 3\expansion\addons\functions_f_exp.ebo - 107286
18:27:11 C:\Program Files (x86)\Steam\steamapps\common\Arma 3\expansion\addons\languagemissions_f_exp.ebo - 108412
18:27:11 C:\Program Files (x86)\Steam\steamapps\common\Arma 3\expansion\addons\language_f_exp.ebo - 108412
18:27:11 C:\Program Files (x86)\Steam\steamapps\common\Arma 3\expansion\addons\missions_f_exp.ebo - 108540
18:27:11 C:\Program Files (x86)\Steam\steamapps\common\Arma 3\expansion\addons\missions_f_exp_data.ebo - 107312
18:27:11 C:\Program Files (x86)\Steam\steamapps\common\Arma 3\expansion\addons\missions_f_exp_video.ebo - 107312
18:27:11 C:\Program Files (x86)\Steam\steamapps\common\Arma 3\expansion\addons\modules_f_exp.ebo - 107313
18:27:11 C:\Program Files (x86)\Steam\steamapps\common\Arma 3\expansion\addons\music_f_exp.ebo - 107313
18:27:11 C:\Program Files (x86)\Steam\steamapps\common\Arma 3\expansion\addons\music_f_exp_music.ebo - 107313
18:27:11 C:\Program Files (x86)\Steam\steamapps\common\Arma 3\expansion\addons\props_f_exp.ebo - 107345
18:27:11 C:\Program Files (x86)\Steam\steamapps\common\Arma 3\expansion\addons\soft_f_exp.ebo - 107317
18:27:11 C:\Program Files (x86)\Steam\steamapps\common\Arma 3\expansion\addons\sounds_f_exp.ebo - 108279
18:27:11 C:\Program Files (x86)\Steam\steamapps\common\Arma 3\expansion\addons\static_f_exp.ebo - 107319
18:27:11 C:\Program Files (x86)\Steam\steamapps\common\Arma 3\expansion\addons\supplies_f_exp.ebo - 107340
18:27:11 C:\Program Files (x86)\Steam\steamapps\common\Arma 3\expansion\addons\ui_f_exp.ebo - 107323
18:27:11 C:\Program Files (x86)\Steam\steamapps\common\Arma 3\expansion\addons\weapons_f_exp.ebo - 108316
18:27:11 C:\Program Files (x86)\Steam\steamapps\common\Arma 3\mark\addons\anims_f_mark.pbo - 107808
18:27:11 C:\Program Files (x86)\Steam\steamapps\common\Arma 3\mark\addons\characters_f_mark.pbo - 107709
18:27:11 C:\Program Files (x86)\Steam\steamapps\common\Arma 3\mark\addons\data_f_mark.pbo - 107282
18:27:11 C:\Program Files (x86)\Steam\steamapps\common\Arma 3\mark\addons\dubbing_f_mark.pbo - 107282
18:27:11 C:\Program Files (x86)\Steam\steamapps\common\Arma 3\mark\addons\dubbing_f_mp_mark.pbo - 107282
18:27:11 C:\Program Files (x86)\Steam\steamapps\common\Arma 3\mark\addons\functions_f_mark.pbo - 107941
18:27:11 C:\Program Files (x86)\Steam\steamapps\common\Arma 3\mark\addons\functions_f_mp_mark.pbo - 107463
18:27:11 C:\Program Files (x86)\Steam\steamapps\common\Arma 3\mark\addons\languagemissions_f_mark.pbo - 108412
18:27:11 C:\Program Files (x86)\Steam\steamapps\common\Arma 3\mark\addons\languagemissions_f_mp_mark.pbo - 108412
18:27:11 C:\Program Files (x86)\Steam\steamapps\common\Arma 3\mark\addons\language_f_mark.pbo - 108412
18:27:11 C:\Program Files (x86)\Steam\steamapps\common\Arma 3\mark\addons\language_f_mp_mark.pbo - 108412
18:27:11 C:\Program Files (x86)\Steam\steamapps\common\Arma 3\mark\addons\missions_f_mark.pbo - 108474
18:27:11 C:\Program Files (x86)\Steam\steamapps\common\Arma 3\mark\addons\missions_f_mark_data.pbo - 107313
18:27:11 C:\Program Files (x86)\Steam\steamapps\common\Arma 3\mark\addons\missions_f_mark_video.pbo - 107313
18:27:11 C:\Program Files (x86)\Steam\steamapps\common\Arma 3\mark\addons\missions_f_mp_mark.pbo - 107336
18:27:11 C:\Program Files (x86)\Steam\steamapps\common\Arma 3\mark\addons\missions_f_mp_mark_data.pbo - 107313
18:27:11 C:\Program Files (x86)\Steam\steamapps\common\Arma 3\mark\addons\modules_f_mark.pbo - 107313
18:27:11 C:\Program Files (x86)\Steam\steamapps\common\Arma 3\mark\addons\modules_f_mp_mark.pbo - 107313
18:27:11 C:\Program Files (x86)\Steam\steamapps\common\Arma 3\mark\addons\music_f_mark.pbo - 107313
18:27:11 C:\Program Files (x86)\Steam\steamapps\common\Arma 3\mark\addons\music_f_mark_music.pbo - 107313
18:27:11 C:\Program Files (x86)\Steam\steamapps\common\Arma 3\mark\addons\sounds_f_mark.pbo - 107319
18:27:11 C:\Program Files (x86)\Steam\steamapps\common\Arma 3\mark\addons\static_f_mark.pbo - 107319
18:27:11 C:\Program Files (x86)\Steam\steamapps\common\Arma 3\mark\addons\structures_f_mark.pbo - 107742
18:27:11 C:\Program Files (x86)\Steam\steamapps\common\Arma 3\mark\addons\supplies_f_mark.pbo - 107320
18:27:11 C:\Program Files (x86)\Steam\steamapps\common\Arma 3\mark\addons\ui_f_mark.pbo - 107323
18:27:11 C:\Program Files (x86)\Steam\steamapps\common\Arma 3\mark\addons\ui_f_mp_mark.pbo - 107323
18:27:11 C:\Program Files (x86)\Steam\steamapps\common\Arma 3\mark\addons\weapons_f_mark.pbo - 107324
18:27:11 C:\Program Files (x86)\Steam\steamapps\common\Arma 3\heli\addons\air_f_heli.pbo - 107282
18:27:11 C:\Program Files (x86)\Steam\steamapps\common\Arma 3\heli\addons\anims_f_heli.pbo - 107282
18:27:11 C:\Program Files (x86)\Steam\steamapps\common\Arma 3\heli\addons\boat_f_heli.pbo - 107282
18:27:11 C:\Program Files (x86)\Steam\steamapps\common\Arma 3\heli\addons\cargoposes_f_heli.pbo - 107282
18:27:11 C:\Program Files (x86)\Steam\steamapps\common\Arma 3\heli\addons\data_f_heli.pbo - 107282
18:27:11 C:\Program Files (x86)\Steam\steamapps\common\Arma 3\heli\addons\dubbing_f_heli.pbo - 107282
18:27:11 C:\Program Files (x86)\Steam\steamapps\common\Arma 3\heli\addons\functions_f_heli.pbo - 108304
18:27:11 C:\Program Files (x86)\Steam\steamapps\common\Arma 3\heli\addons\languagemissions_f_heli.pbo - 108412
18:27:11 C:\Program Files (x86)\Steam\steamapps\common\Arma 3\heli\addons\language_f_heli.pbo - 108412
18:27:11 C:\Program Files (x86)\Steam\steamapps\common\Arma 3\heli\addons\missions_f_heli.pbo - 108304
18:27:11 C:\Program Files (x86)\Steam\steamapps\common\Arma 3\heli\addons\missions_f_heli_data.pbo - 107312
18:27:11 C:\Program Files (x86)\Steam\steamapps\common\Arma 3\heli\addons\missions_f_heli_video.pbo - 107312
18:27:11 C:\Program Files (x86)\Steam\steamapps\common\Arma 3\heli\addons\modules_f_heli.pbo - 107386
18:27:11 C:\Program Files (x86)\Steam\steamapps\common\Arma 3\heli\addons\music_f_heli.pbo - 107313
18:27:11 C:\Program Files (x86)\Steam\steamapps\common\Arma 3\heli\addons\music_f_heli_music.pbo - 107313
18:27:11 C:\Program Files (x86)\Steam\steamapps\common\Arma 3\heli\addons\soft_f_heli.pbo - 107319
18:27:11 C:\Program Files (x86)\Steam\steamapps\common\Arma 3\heli\addons\sounds_f_heli.pbo - 107319
18:27:11 C:\Program Files (x86)\Steam\steamapps\common\Arma 3\heli\addons\structures_f_heli.pbo - 107302
18:27:11 C:\Program Files (x86)\Steam\steamapps\common\Arma 3\heli\addons\supplies_f_heli.pbo - 107319
18:27:11 C:\Program Files (x86)\Steam\steamapps\common\Arma 3\heli\addons\ui_f_heli.pbo - 107323
18:27:11 C:\Program Files (x86)\Steam\steamapps\common\Arma 3\kart\addons\anims_f_kart.pbo - 107282
18:27:11 C:\Program Files (x86)\Steam\steamapps\common\Arma 3\kart\addons\characters_f_kart.pbo - 107282
18:27:11 C:\Program Files (x86)\Steam\steamapps\common\Arma 3\kart\addons\data_f_kart.pbo - 107282
18:27:11 C:\Program Files (x86)\Steam\steamapps\common\Arma 3\kart\addons\languagemissions_f_kart.pbo - 108412
18:27:11 C:\Program Files (x86)\Steam\steamapps\common\Arma 3\kart\addons\language_f_kart.pbo - 108412
18:27:11 C:\Program Files (x86)\Steam\steamapps\common\Arma 3\kart\addons\missions_f_kart.pbo - 107312
18:27:11 C:\Program Files (x86)\Steam\steamapps\common\Arma 3\kart\addons\missions_f_kart_data.pbo - 107313
18:27:11 C:\Program Files (x86)\Steam\steamapps\common\Arma 3\kart\addons\modules_f_kart.pbo - 107824
18:27:11 C:\Program Files (x86)\Steam\steamapps\common\Arma 3\kart\addons\modules_f_kart_data.pbo - 107725
18:27:11 C:\Program Files (x86)\Steam\steamapps\common\Arma 3\kart\addons\soft_f_kart.pbo - 107319
18:27:11 C:\Program Files (x86)\Steam\steamapps\common\Arma 3\kart\addons\sounds_f_kart.pbo - 107319
18:27:11 C:\Program Files (x86)\Steam\steamapps\common\Arma 3\kart\addons\structures_f_kart.pbo - 107301
18:27:11 C:\Program Files (x86)\Steam\steamapps\common\Arma 3\kart\addons\ui_f_kart.pbo - 107323
18:27:11 C:\Program Files (x86)\Steam\steamapps\common\Arma 3\kart\addons\weapons_f_kart.pbo - 107323
18:27:11 C:\Program Files (x86)\Steam\steamapps\common\Arma 3\curator\addons\data_f_curator.pbo - 107282
18:27:11 C:\Program Files (x86)\Steam\steamapps\common\Arma 3\curator\addons\data_f_curator_music.pbo - 107282
18:27:11 C:\Program Files (x86)\Steam\steamapps\common\Arma 3\curator\addons\functions_f_curator.pbo - 107463
18:27:11 C:\Program Files (x86)\Steam\steamapps\common\Arma 3\curator\addons\language_f_curator.pbo - 108412
18:27:11 C:\Program Files (x86)\Steam\steamapps\common\Arma 3\curator\addons\missions_f_curator.pbo - 108031
18:27:11 C:\Program Files (x86)\Steam\steamapps\common\Arma 3\curator\addons\modules_f_curator.pbo - 107711
18:27:11 C:\Program Files (x86)\Steam\steamapps\common\Arma 3\curator\addons\ui_f_curator.pbo - 108279
18:27:11 addons\3den.pbo - 108458
18:27:11 addons\3den_language.pbo - 108412
18:27:11 addons\a3.pbo - unknown
18:27:11 addons\air_f.pbo - 107282
18:27:11 addons\air_f_beta.pbo - 108458
18:27:11 addons\air_f_epb.pbo - 107282
18:27:11 addons\air_f_epc.pbo - 103749
18:27:11 addons\air_f_gamma.pbo - 103749
18:27:11 addons\animals_f.pbo - 107282
18:27:11 addons\animals_f_beta.pbo - 107282
18:27:11 addons\anims_f.pbo - 108093
18:27:11 addons\anims_f_bootcamp.pbo - 107282
18:27:11 addons\anims_f_data.pbo - 107355
18:27:11 addons\anims_f_epa.pbo - 107809
18:27:11 addons\anims_f_epc.pbo - 107809
18:27:11 addons\anims_f_exp_a.pbo - 107376
18:27:11 addons\armor_f.pbo - 107282
18:27:11 addons\armor_f_beta.pbo - 107282
18:27:11 addons\armor_f_epb.pbo - 107282
18:27:11 addons\armor_f_epc.pbo - 107282
18:27:11 addons\armor_f_gamma.pbo - 107282
18:27:11 addons\baseconfig_f.pbo - 107282
18:27:11 addons\boat_f.pbo - 107282
18:27:11 addons\boat_f_beta.pbo - 107282
18:27:11 addons\boat_f_epc.pbo - 107282
18:27:11 addons\boat_f_gamma.pbo - 107282
18:27:11 addons\cargoposes_f.pbo - 108093
18:27:11 addons\characters_f.pbo - 107558
18:27:11 addons\characters_f_beta.pbo - 107282
18:27:11 addons\characters_f_bootcamp.pbo - 107282
18:27:11 addons\characters_f_epa.pbo - 107282
18:27:11 addons\characters_f_epb.pbo - 107282
18:27:11 addons\characters_f_epc.pbo - 107282
18:27:11 addons\characters_f_gamma.pbo - 107282
18:27:11 addons\data_f.pbo - 107354
18:27:11 addons\data_f_bootcamp.pbo - 107382
18:27:11 addons\data_f_exp_a.pbo - 107282
18:27:11 addons\data_f_exp_b.pbo - 107282
18:27:11 addons\drones_f.pbo - 107282
18:27:11 addons\dubbing_f.pbo - 107282
18:27:11 addons\dubbing_f_beta.pbo - 107941
18:27:11 addons\dubbing_f_bootcamp.pbo - 107282
18:27:11 addons\dubbing_f_epa.pbo - 107290
18:27:11 addons\dubbing_f_epb.pbo - 107290
18:27:11 addons\dubbing_f_epc.pbo - 107282
18:27:11 addons\dubbing_f_gamma.pbo - 107458
18:27:11 addons\dubbing_radio_f.pbo - 107282
18:27:11 addons\dubbing_radio_f_data_eng.pbo - 99078
18:27:11 addons\dubbing_radio_f_data_engb.pbo - 99078
18:27:11 addons\dubbing_radio_f_data_gre.pbo - 99078
18:27:11 addons\dubbing_radio_f_data_per.pbo - 99078
18:27:11 addons\dubbing_radio_f_data_vr.pbo - 99078
18:27:11 addons\editorpreviews_f.pbo - 107285
18:27:11 addons\editor_f.pbo - 107285
18:27:11 addons\functions_f.pbo - 108329
18:27:11 addons\functions_f_bootcamp.pbo - 107941
18:27:11 addons\functions_f_epa.pbo - 107287
18:27:11 addons\functions_f_epc.pbo - 107287
18:27:11 addons\functions_f_exp_a.pbo - 107985
18:27:11 addons\languagemissions_f.pbo - 108412
18:27:11 addons\languagemissions_f_beta.pbo - 108412
18:27:11 addons\languagemissions_f_bootcamp.pbo - 108412
18:27:11 addons\languagemissions_f_epa.pbo - 108412
18:27:11 addons\languagemissions_f_epb.pbo - 108412
18:27:11 addons\languagemissions_f_epc.pbo - 108412
18:27:11 addons\languagemissions_f_exp_a.pbo - 108412
18:27:11 addons\languagemissions_f_gamma.pbo - 108412
18:27:11 addons\language_f.pbo - 108423
18:27:11 addons\language_f_beta.pbo - 108412
18:27:11 addons\language_f_bootcamp.pbo - 108412
18:27:11 addons\language_f_epa.pbo - 108412
18:27:11 addons\language_f_epb.pbo - 108412
18:27:11 addons\language_f_epc.pbo - 108412
18:27:11 addons\language_f_exp_a.pbo - 108412
18:27:11 addons\language_f_exp_b.pbo - 108412
18:27:11 addons\language_f_gamma.pbo - 108412
18:27:11 addons\map_altis.pbo - 107512
18:27:11 addons\map_altis_data.pbo - 107292
18:27:11 addons\map_altis_data_layers.pbo - 99901
18:27:11 addons\map_altis_data_layers_00_00.pbo - 99901
18:27:11 addons\map_altis_data_layers_00_01.pbo - 99901
18:27:11 addons\map_altis_data_layers_01_00.pbo - 99901
18:27:11 addons\map_altis_data_layers_01_01.pbo - 99901
18:27:11 addons\map_altis_scenes_f.pbo - 107292
18:27:11 addons\map_data.pbo - 107292
18:27:11 addons\map_stratis.pbo - 107508
18:27:11 addons\map_stratis_data.pbo - 107294
18:27:11 addons\map_stratis_data_layers.pbo - 99082
18:27:11 addons\map_stratis_scenes_f.pbo - 107294
18:27:11 addons\map_vr.pbo - 105264
18:27:11 addons\map_vr_scenes_f.pbo - 107298
18:27:11 addons\misc_f.pbo - 107296
18:27:11 addons\missions_f.pbo - 107769
18:27:11 addons\missions_f_beta.pbo - 107694
18:27:11 addons\missions_f_beta_data.pbo - 107310
18:27:11 addons\missions_f_beta_video.pbo - 107310
18:27:11 addons\missions_f_bootcamp.pbo - 107941
18:27:11 addons\missions_f_bootcamp_data.pbo - 107310
18:27:11 addons\missions_f_bootcamp_video.pbo - 107310
18:27:11 addons\missions_f_data.pbo - 107310
18:27:11 addons\missions_f_epa.pbo - 108279
18:27:11 addons\missions_f_epa_data.pbo - 107312
18:27:11 addons\missions_f_epa_video.pbo - 107312
18:27:11 addons\missions_f_epb.pbo - 107312
18:27:11 addons\missions_f_epc.pbo - 107312
18:27:11 addons\missions_f_exp_a.pbo - 107336
18:27:11 addons\missions_f_exp_a_data.pbo - 107312
18:27:11 addons\missions_f_gamma.pbo - 108551
18:27:11 addons\missions_f_gamma_data.pbo - 107312
18:27:11 addons\missions_f_gamma_video.pbo - 107312
18:27:11 addons\missions_f_video.pbo - 107313
18:27:11 addons\modules_f.pbo - 108152
18:27:11 addons\modules_f_beta.pbo - 107313
18:27:11 addons\modules_f_beta_data.pbo - 107313
18:27:11 addons\modules_f_bootcamp.pbo - 107313
18:27:11 addons\modules_f_data.pbo - 107485
18:27:11 addons\modules_f_epb.pbo - 107313
18:27:11 addons\modules_f_exp_a.pbo - 107313
18:27:11 addons\music_f.pbo - 107313
18:27:11 addons\music_f_bootcamp.pbo - 107313
18:27:11 addons\music_f_bootcamp_music.pbo - 107313
18:27:11 addons\music_f_epa.pbo - 107313
18:27:11 addons\music_f_epa_music.pbo - 107313
18:27:11 addons\music_f_epb.pbo - 107313
18:27:11 addons\music_f_epb_music.pbo - 107313
18:27:11 addons\music_f_epc.pbo - 107313
18:27:11 addons\music_f_epc_music.pbo - 107313
18:27:11 addons\music_f_music.pbo - 107313
18:27:11 addons\plants_f.pbo - 107313
18:27:11 addons\props_f_exp_a.pbo - 107314
18:27:11 addons\roads_f.pbo - 107314
18:27:11 addons\rocks_f.pbo - 107314
18:27:11 addons\signs_f.pbo - 107315
18:27:11 addons\soft_f.pbo - 107315
18:27:11 addons\soft_f_beta.pbo - 108019
18:27:11 addons\soft_f_bootcamp.pbo - 107316
18:27:11 addons\soft_f_epc.pbo - 107316
18:27:11 addons\soft_f_gamma.pbo - 108108
18:27:11 addons\sounds_f.pbo - 108279
18:27:11 addons\sounds_f_arsenal.pbo - 108392
18:27:11 addons\sounds_f_bootcamp.pbo - 107319
18:27:11 addons\sounds_f_characters.pbo - 108111
18:27:11 addons\sounds_f_environment.pbo - 107319
18:27:11 addons\sounds_f_epb.pbo - 107319
18:27:11 addons\sounds_f_epc.pbo - 107319
18:27:11 addons\sounds_f_exp_a.pbo - 107319
18:27:11 addons\sounds_f_sfx.pbo - 108279
18:27:11 addons\sounds_f_vehicles.pbo - 107319
18:27:11 addons\static_f.pbo - 107319
18:27:11 addons\static_f_beta.pbo - 107319
18:27:11 addons\static_f_gamma.pbo - 108113
18:27:11 addons\structures_f.pbo - 108826
18:27:11 addons\structures_f_bootcamp.pbo - 107306
18:27:11 addons\structures_f_data.pbo - 107788
18:27:11 addons\structures_f_epa.pbo - 107742
18:27:11 addons\structures_f_epb.pbo - 107725
18:27:11 addons\structures_f_epc.pbo - 107725
18:27:11 addons\structures_f_exp_a.pbo - 107301
18:27:11 addons\structures_f_households.pbo - 107946
18:27:11 addons\structures_f_ind.pbo - 107760
18:27:11 addons\structures_f_mil.pbo - 108280
18:27:11 addons\structures_f_wrecks.pbo - 107301
18:27:11 addons\uifonts_f.pbo - 107323
18:27:11 addons\uifonts_f_data.pbo - 107323
18:27:11 addons\ui_f.pbo - 108456
18:27:11 addons\ui_f_bootcamp.pbo - 107323
18:27:11 addons\ui_f_data.pbo - 108279
18:27:11 addons\ui_f_exp_a.pbo - 107323
18:27:11 addons\weapons_f.pbo - 108316
18:27:11 addons\weapons_f_beta.pbo - 108113
18:27:11 addons\weapons_f_bootcamp.pbo - 107323
18:27:11 addons\weapons_f_epa.pbo - 107323
18:27:11 addons\weapons_f_epb.pbo - 107323
18:27:11 addons\weapons_f_epc.pbo - 107323
18:27:11 addons\weapons_f_gamma.pbo - 107323
18:27:11 
18:27:11 =======================
18:27:11 
18:27:11 ============================================================================================= List of mods ===============================================================================================
18:27:11 modsReadOnly = true
18:27:11 safeModsActivated = false
18:27:11 customMods = false
18:27:11 hash = 'D93DE5BD24792AB15B3A04DCC91B29D1380286E4'
18:27:11 hashShort = '5a6cfe8f'
18:27:11                                               name |               modDir |    default |               origin |                                     hash | hashShort | fullPath
18:27:11 ----------------------------------------------------------------------------------------------------------------------------------------------------------------------------------------------------------
18:27:11                                  Arma 3 DLC Bundle |            dlcbundle |       true |            NOT FOUND |                                          |           | 
18:27:11                                        Arma 3 Apex |            expansion |       true |             GAME DIR | 62a8df57d1c05aadd4ae4b945af464e50e755934 |  4052a5f5 | C:\Program Files (x86)\Steam\steamapps\common\Arma 3\expansion
18:27:11                                    Arma 3 Marksmen |                 mark |       true |             GAME DIR | 070a25b0c94ce6bac7ee2716d5519df5d18640e5 |  dc55921a | C:\Program Files (x86)\Steam\steamapps\common\Arma 3\mark
18:27:11                                 Arma 3 Helicopters |                 heli |       true |             GAME DIR | 368657c17b2949231f0a50a3a75a47099b6194ee |  51d56af1 | C:\Program Files (x86)\Steam\steamapps\common\Arma 3\heli
18:27:11                                       Arma 3 Karts |                 kart |       true |             GAME DIR | 0fdd3f34eb90ec10fc788fb75fec1ba986fd9c64 |  ea799fa8 | C:\Program Files (x86)\Steam\steamapps\common\Arma 3\kart
18:27:11                                        Arma 3 Zeus |              curator |       true |             GAME DIR | 0a87ff93d6420302c608d6e8e7748e73dba96cc7 |  ffb4829e | C:\Program Files (x86)\Steam\steamapps\common\Arma 3\curator
18:27:11                                             Arma 3 |                   A3 |       true |            NOT FOUND |                                          |           | 
18:27:11 ==========================================================================================================================================================================================================
18:27:11 DX11 - Initializing DX11 engine.
18:27:11 DX11 - Using DXGI adapter 0 (detected in config).
18:27:11 DX11 - Using DXGI adapter 0.
18:27:11     - adapter description : NVIDIA GeForce GTX 650
18:27:11     - adapter vendor ID : 4318
18:27:11     - adapter device ID : 4038
18:27:11     - adapter subsys ID : 909907032
18:27:11     - adapter revision  : 161
18:27:11     - dedicated video memory : 3221225472
18:27:11     - dedicated system memory : 0
18:27:11     - shared system memory : 1073676288
18:27:11 InitSound ...
18:27:12 InitSound - complete
18:27:12 Detected Joystick: Logitech Force 3D Pro
18:27:12     0 ... Stick X Eje [1,30]
18:27:12     1 ... Stick Y Eje [1,31]
18:27:12     5 ... Stick Z Girar [1,35]
18:27:12     6 ... Deslizador Stick 1 [1,36]
18:27:14 PhysX3 SDK Init started ...
18:27:14 PhysX3 SDK Init ended.
18:27:15 Attempt to override final function - rscminimap_script
18:27:15 Attempt to override final function - rscdisplayloading_script
18:27:15 Attempt to override final function - rscdisplayloading_script
18:27:15 Attempt to override final function - rscdisplayloading_script
18:27:15 Attempt to override final function - rscdiary_script
18:27:15 Attempt to override final function - rscdiary_script
18:27:16 Attempt to override final function - rscdisplayremotemissions_script
18:27:16 Attempt to override final function - rscdisplayloading_script
18:27:16 Attempt to override final function - rscdiary_script
18:27:16 Attempt to override final function - rscdiary_script
18:27:16 Attempt to override final function - rscdisplaystrategicmap_script
18:27:16 Attempt to override final function - rscdisplaycommon_script
18:27:16 Attempt to override final function - rscdisplaygarage_script
18:27:16 Attempt to override final function - rscdisplayhostsettings_script
18:27:16 Attempt to override final function - rscdisplayloading_script
18:27:16 Attempt to override final function - rscdisplaycurator_script
18:27:16 Attempt to override final function - display3deneditcomposition_script
18:27:16 Attempt to override final function - display3deneditattributes_script
18:27:16 Attempt to override final function - display3deneditattributes_script
18:27:16 Attempt to override final function - rscdisplayhostsettings_script
18:27:16 Attempt to override final function - rscdisplaycommon_script
18:27:16 Attempt to override final function - rscdisplaydebriefing_script
18:27:16 Attempt to override final function - rscunitinfo_script
18:27:16 Attempt to override final function - rscunitinfo_script
18:27:16 Attempt to override final function - rscunitinfo_script
18:27:16 Attempt to override final function - rscunitinfo_script
18:27:16 Attempt to override final function - rscunitinfo_script
18:27:16 Attempt to override final function - rscunitinfo_script
18:27:16 Attempt to override final function - rscunitinfo_script
18:27:16 Attempt to override final function - rscunitinfo_script
18:27:16 Attempt to override final function - rscunitinfo_script
18:27:16 Attempt to override final function - rscunitinfo_script
18:27:16 Attempt to override final function - rscunitinfo_script
18:27:16 Attempt to override final function - rscunitinfo_script
18:27:16 Attempt to override final function - rscunitinfo_script
18:27:16 Attempt to override final function - rscunitinfo_script
18:27:16 Attempt to override final function - rscunitinfo_script
18:27:16 Attempt to override final function - rscunitinfo_script
18:27:16 Attempt to override final function - rscunitinfo_script
18:27:16 Attempt to override final function - rscunitinfo_script
18:27:16 Attempt to override final function - rscunitinfo_script
18:27:16 Attempt to override final function - rscunitinfo_script
18:27:16 Attempt to override final function - rscunitinfo_script
18:27:16 Attempt to override final function - rscunitinfo_script
18:27:16 Attempt to override final function - rscunitinfo_script
18:27:16 Attempt to override final function - rscunitinfo_script
18:27:16 Attempt to override final function - rscunitinfo_script
18:27:16 Attempt to override final function - rscunitinfo_script
18:27:16 Attempt to override final function - rscunitinfo_script
18:27:16 Attempt to override final function - rscunitinfo_script
18:27:16 Attempt to override final function - rscunitinfo_script
18:27:16 Attempt to override final function - rscunitinfo_script
18:27:16 Attempt to override final function - rscunitinfo_script
18:27:16 Attempt to override final function - rscunitinfo_script
18:27:16 Attempt to override final function - rscunitinfo_script
18:27:16 Attempt to override final function - rscunitinfo_script
18:27:16 Attempt to override final function - rscunitinfo_script
18:27:16 Attempt to override final function - rscunitinfo_script
18:27:16 Attempt to override final function - rscunitinfo_script
18:27:16 Attempt to override final function - rscunitinfo_script
18:27:16 Attempt to override final function - rscunitinfo_script
18:27:16 Attempt to override final function - rscunitinfo_script
18:27:16 Attempt to override final function - rscunitinfo_script
18:27:16 Attempt to override final function - rscunitinfo_script
18:27:16 Attempt to override final function - rscunitinfo_script
18:27:16 Attempt to override final function - rscunitinfo_script
18:27:16 Attempt to override final function - rscunitinfo_script
18:27:16 Attempt to override final function - rscunitinfo_script
18:27:16 Attempt to override final function - rscunitinfo_script
18:27:16 Attempt to override final function - rscunitinfo_script
18:27:16 Attempt to override final function - rscunitinfo_script
18:27:16 Attempt to override final function - rscunitinfo_script
18:27:16 Attempt to override final function - rscunitinfo_script
18:27:16 Attempt to override final function - rscunitinfo_script
18:27:16 Attempt to override final function - rscunitinfo_script
18:27:16 Attempt to override final function - rscunitinfo_script
18:27:16 Attempt to override final function - rscunitinfo_script
18:27:16 Attempt to override final function - rscunitinfo_script
18:27:16 Attempt to override final function - rscunitinfo_script
18:27:16 Attempt to override final function - rscunitinfo_script
18:27:16 Attempt to override final function - rscunitinfo_script
18:27:16 Attempt to override final function - rscunitinfo_script
18:27:16 Attempt to override final function - rscunitinfo_script
18:27:17 SimulWeather - Cloud Renderer - noise texture file is not specified!
18:27:22 Loading movesType CfgGesturesMale
18:27:22 Creating action map cache
18:27:22 MovesType CfgGesturesMale load time 56 ms
18:27:22 Loading movesType CfgMovesMaleSdr
18:27:22 Reading cached action map data
18:27:24 MovesType CfgMovesMaleSdr load time 2183 ms
18:27:24 Starting mission:
18:27:24  Mission file: introExp
18:27:24  Mission world: Stratis
18:27:24  Mission directory: a3\map_stratis_scenes_f\scenes\introExp.Stratis\
18:27:25 No more slot to add connection at 033057 (3386.8,5735.4)
18:27:25 Strange convex component65 in a3\rocks_f\sharp\sharprock_wallh.p3d:geometryFire
18:27:25 Strange convex component06 in a3\rocks_f\sharp\sharprock_monolith.p3d:geometryFire
18:27:25 Strange convex component18 in a3\rocks_f\sharp\sharprock_monolith.p3d:geometryFire
18:27:25 Strange convex component30 in a3\rocks_f\sharp\sharprock_monolith.p3d:geometryFire
18:27:25 Strange convex component31 in a3\rocks_f\sharp\sharprock_monolith.p3d:geometryFire
18:27:25 Strange convex component32 in a3\rocks_f\sharp\sharprock_monolith.p3d:geometryFire
18:27:25 Strange convex component42 in a3\rocks_f\sharp\sharprock_monolith.p3d:geometryFire
18:27:25 Strange convex component43 in a3\rocks_f\sharp\sharprock_monolith.p3d:geometryFire
18:27:25 Strange convex component44 in a3\rocks_f\sharp\sharprock_monolith.p3d:geometryFire
18:27:25 Strange convex component46 in a3\rocks_f\sharp\sharprock_monolith.p3d:geometryFire
18:27:25 Strange convex component58 in a3\rocks_f\sharp\sharprock_monolith.p3d:geometryFire
18:27:25 Strange convex component64 in a3\rocks_f\sharp\sharprock_monolith.p3d:geometryFire
18:27:25 Strange convex component76 in a3\rocks_f\sharp\sharprock_monolith.p3d:geometryFire
18:27:25 Strange convex component98 in a3\rocks_f\sharp\sharprock_monolith.p3d:geometryFire
18:27:25 Strange convex component100 in a3\rocks_f\sharp\sharprock_monolith.p3d:geometryFire
18:27:25 Strange convex component132 in a3\rocks_f\sharp\sharprock_monolith.p3d:geometryFire
18:27:25 Strange convex component145 in a3\rocks_f\sharp\sharprock_monolith.p3d:geometryFire
18:27:25 Strange convex component149 in a3\rocks_f\sharp\sharprock_monolith.p3d:geometryFire
18:27:25 Strange convex component151 in a3\rocks_f\sharp\sharprock_monolith.p3d:geometryFire
18:27:25 Strange convex component167 in a3\rocks_f\sharp\sharprock_monolith.p3d:geometryFire
18:27:25 Strange convex component198 in a3\rocks_f\sharp\sharprock_monolith.p3d:geometryFire
18:27:25 Strange convex component244 in a3\rocks_f\sharp\sharprock_monolith.p3d:geometryFire
18:27:25 Strange convex component304 in a3\rocks_f\sharp\sharprock_monolith.p3d:geometryFire
18:27:25 Strange convex component310 in a3\rocks_f\sharp\sharprock_monolith.p3d:geometryFire
18:27:25 Strange convex component337 in a3\rocks_f\sharp\sharprock_monolith.p3d:geometryFire
18:27:25 Strange convex component353 in a3\rocks_f\sharp\sharprock_monolith.p3d:geometryFire
18:27:25 Strange convex component378 in a3\rocks_f\sharp\sharprock_monolith.p3d:geometryFire
18:27:25 Strange convex component05 in a3\rocks_f\sharp\sharprock_spike.p3d:geometryFire
18:27:25 Strange convex component74 in a3\rocks_f\sharp\sharprock_spike.p3d:geometryFire
18:27:25 Strange convex component202 in a3\rocks_f\sharp\sharprock_spike.p3d:geometryFire
18:27:25 Strange convex component391 in a3\rocks_f\sharp\sharprock_spike.p3d:geometryFire
18:27:26 Strange convex component116 in a3\rocks_f\sharp\sharprock_apart.p3d:geometryFire
18:27:26 Strange convex component117 in a3\rocks_f\sharp\sharprock_apart.p3d:geometryFire
18:27:26 Strange convex component118 in a3\rocks_f\sharp\sharprock_apart.p3d:geometryFire
18:27:26 Strange convex component119 in a3\rocks_f\sharp\sharprock_apart.p3d:geometryFire
18:27:26 Attempt to override final function - bis_functions_list
18:27:26 Attempt to override final function - bis_functions_listpreinit
18:27:26 Attempt to override final function - bis_functions_listpostinit
18:27:26 Attempt to override final function - bis_functions_listrecompile
18:27:27 Attempt to override final function - bis_fnc_missiontaskslocal
18:27:27 Attempt to override final function - bis_fnc_missionconversationslocal
18:27:27 Attempt to override final function - bis_fnc_missionflow
18:27:27 Strange convex component145 in a3\plants_f\tree\t_pinuss2s_b_f.p3d:geometryView
18:27:27 Strange convex component149 in a3\plants_f\tree\t_pinuss2s_b_f.p3d:geometryView
18:27:27 Strange convex component01 in a3\rocks_f\sharp\sharprock_wallv.p3d:geometryFire
18:27:27 Strange convex component02 in a3\rocks_f\sharp\sharprock_wallv.p3d:geometryFire
18:27:27 Strange convex component13 in a3\rocks_f\sharp\sharprock_wallv.p3d:geometryFire
18:27:27 Strange convex component32 in a3\rocks_f\sharp\sharprock_wallv.p3d:geometryFire
18:27:27 Strange convex component33 in a3\rocks_f\sharp\sharprock_wallv.p3d:geometryFire
18:27:27 Strange convex component35 in a3\rocks_f\sharp\sharprock_wallv.p3d:geometryFire
18:27:27 Strange convex component37 in a3\rocks_f\sharp\sharprock_wallv.p3d:geometryFire
18:27:27 Strange convex component40 in a3\rocks_f\sharp\sharprock_wallv.p3d:geometryFire
18:27:27 Strange convex component45 in a3\rocks_f\sharp\sharprock_wallv.p3d:geometryFire
18:27:27 Strange convex component53 in a3\rocks_f\sharp\sharprock_wallv.p3d:geometryFire
18:27:27 Strange convex component61 in a3\rocks_f\sharp\sharprock_wallv.p3d:geometryFire
18:27:27 Strange convex component71 in a3\rocks_f\sharp\sharprock_wallv.p3d:geometryFire
18:27:27 Strange convex component91 in a3\rocks_f\sharp\sharprock_wallv.p3d:geometryFire
18:27:27 Strange convex component92 in a3\rocks_f\sharp\sharprock_wallv.p3d:geometryFire
18:27:27 Strange convex component93 in a3\rocks_f\sharp\sharprock_wallv.p3d:geometryFire
18:27:27 Strange convex component103 in a3\rocks_f\sharp\sharprock_wallv.p3d:geometryFire
18:27:27 Strange convex component111 in a3\rocks_f\sharp\sharprock_wallv.p3d:geometryFire
18:27:27 Strange convex component129 in a3\rocks_f\sharp\sharprock_wallv.p3d:geometryFire
18:27:27 Strange convex component131 in a3\rocks_f\sharp\sharprock_wallv.p3d:geometryFire
18:27:27 Strange convex component135 in a3\rocks_f\sharp\sharprock_wallv.p3d:geometryFire
18:27:27 Strange convex component141 in a3\rocks_f\sharp\sharprock_wallv.p3d:geometryFire
18:27:27 Strange convex component160 in a3\rocks_f\sharp\sharprock_wallv.p3d:geometryFire
18:27:27 Strange convex component204 in a3\rocks_f\sharp\sharprock_wallv.p3d:geometryFire
18:27:27 Strange convex component217 in a3\rocks_f\sharp\sharprock_wallv.p3d:geometryFire
18:27:27 Strange convex component254 in a3\rocks_f\sharp\sharprock_wallv.p3d:geometryFire
18:27:27 Strange convex component260 in a3\rocks_f\sharp\sharprock_wallv.p3d:geometryFire
18:27:27 Strange convex component295 in a3\rocks_f\sharp\sharprock_wallv.p3d:geometryFire
18:27:27 Strange convex component309 in a3\rocks_f\sharp\sharprock_wallv.p3d:geometryFire
18:27:27 Strange convex component315 in a3\rocks_f\sharp\sharprock_wallv.p3d:geometryFire
18:27:33 Weather was forced to change
18:27:38 Loading movesType CfgMovesFishes_F
18:27:38 Reading cached action map data
18:27:39 Loading movesType CfgMovesTurtle_F
18:27:39 Reading cached action map data
18:27:41 Loading movesType CfgMovesBird
18:27:41 Reading cached action map data
18:27:47 Loading movesType CfgMovesButterfly
18:27:47 Reading cached action map data
18:27:50 Attempt to override final function - bis_functions_list
18:27:50 Attempt to override final function - bis_functions_listpreinit
18:27:50 Attempt to override final function - bis_functions_listpostinit
18:27:50 Attempt to override final function - bis_functions_listrecompile
18:27:50 ModParams - Undefined or empty mod directory
18:27:54 Fresnel k must be >0, given n=2.51,k=0
18:31:23 soldier[B_diver_exp_F]:Some of magazines weren't stored in soldier Vest or Uniform?
18:31:26 soldier[B_diver_F]:Some of magazines weren't stored in soldier Vest or Uniform?
18:31:29 soldier[B_diver_F]:Some of magazines weren't stored in soldier Vest or Uniform?
18:31:33 soldier[B_diver_F]:Some of magazines weren't stored in soldier Vest or Uniform?
18:31:37 soldier[B_diver_exp_F]:Some of magazines weren't stored in soldier Vest or Uniform?
18:31:41 soldier[B_diver_F]:Some of magazines weren't stored in soldier Vest or Uniform?
18:31:47 soldier[B_diver_exp_F]:Some of magazines weren't stored in soldier Vest or Uniform?
18:33:37 soldier[O_soldier_exp_F]:Some of magazines weren't stored in soldier Vest or Uniform?
18:33:53 ModParams - Undefined or empty mod directory
18:33:53 ModParams - Undefined or empty mod directory
18:33:53 ModParams - Undefined or empty mod directory
18:33:53 ModParams - Undefined or empty mod directory
18:33:53 ModParams - Undefined or empty mod directory
18:33:53 ModParams - Undefined or empty mod directory
18:33:53 ModParams - Undefined or empty mod directory
18:33:53 ModParams - Undefined or empty mod directory
18:33:53 ModParams - Undefined or empty mod directory
18:33:53 ModParams - Undefined or empty mod directory
18:33:53 ModParams - Undefined or empty mod directory
18:33:53 ModParams - Undefined or empty mod directory
18:33:53 ModParams - Undefined or empty mod directory
18:33:53 ModParams - Undefined or empty mod directory
18:33:53 ModParams - Undefined or empty mod directory
18:33:53 ModParams - Undefined or empty mod directory
18:33:53 ModParams - Undefined or empty mod directory
18:33:53 ModParams - Undefined or empty mod directory
18:33:53 ModParams - Undefined or empty mod directory
18:33:53 ModParams - Undefined or empty mod directory
18:33:53 ModParams - Undefined or empty mod directory
18:33:53 ModParams - Undefined or empty mod directory
18:33:53 ModParams - Undefined or empty mod directory
18:33:53 ModParams - Undefined or empty mod directory
18:33:53 ModParams - Undefined or empty mod directory
18:33:53 ModParams - Undefined or empty mod directory
18:33:53 ModParams - Undefined or empty mod directory
18:33:53 ModParams - Undefined or empty mod directory
18:33:53 ModParams - Undefined or empty mod directory
18:33:53 ModParams - Undefined or empty mod directory
18:33:53 ModParams - Undefined or empty mod directory
18:33:53 ModParams - Undefined or empty mod directory
18:33:53 ModParams - Undefined or empty mod directory
18:33:53 ModParams - Undefined or empty mod directory
18:33:53 ModParams - Undefined or empty mod directory
18:33:53 ModParams - Undefined or empty mod directory
18:33:53 ModParams - Undefined or empty mod directory
18:33:53 ModParams - Undefined or empty mod directory
18:33:53 ModParams - Undefined or empty mod directory
18:33:53 ModParams - Undefined or empty mod directory
18:33:53 ModParams - Undefined or empty mod directory
18:33:53 ModParams - Undefined or empty mod directory
18:33:53 ModParams - Undefined or empty mod directory
18:33:53 ModParams - Undefined or empty mod directory
18:33:53 ModParams - Undefined or empty mod directory
18:33:53 ModParams - Undefined or empty mod directory
18:33:53 ModParams - Undefined or empty mod directory
18:33:53 ModParams - Undefined or empty mod directory
18:33:53 ModParams - Undefined or empty mod directory
18:33:53 ModParams - Undefined or empty mod directory
18:33:53 ModParams - Undefined or empty mod directory
18:33:53 ModParams - Undefined or empty mod directory
18:33:53 ModParams - Undefined or empty mod directory
18:33:53 ModParams - Undefined or empty mod directory
18:33:53 ModParams - Undefined or empty mod directory
18:33:53 ModParams - Undefined or empty mod directory
18:33:53 ModParams - Undefined or empty mod directory
18:33:53 ModParams - Undefined or empty mod directory
18:33:53 ModParams - Undefined or empty mod directory
18:33:53 ModParams - Undefined or empty mod directory
18:33:53 ModParams - Undefined or empty mod directory
18:33:53 ModParams - Undefined or empty mod directory
18:33:53 ModParams - Undefined or empty mod directory
18:33:53 ModParams - Undefined or empty mod directory
18:33:53 ModParams - Undefined or empty mod directory
18:33:53 ModParams - Undefined or empty mod directory
18:33:53 ModParams - Undefined or empty mod directory
18:33:53 ModParams - Undefined or empty mod directory
18:33:53 ModParams - Undefined or empty mod directory
18:33:53 ModParams - Undefined or empty mod directory
18:33:53 ModParams - Undefined or empty mod directory
18:33:53 ModParams - Undefined or empty mod directory
18:33:53 ModParams - Undefined or empty mod directory
18:33:53 ModParams - Undefined or empty mod directory
18:33:53 ModParams - Undefined or empty mod directory
18:33:53 ModParams - Undefined or empty mod directory
18:33:53 ModParams - Undefined or empty mod directory
18:33:53 ModParams - Undefined or empty mod directory
18:33:53 ModParams - Undefined or empty mod directory
18:35:51 center[O]: group[Alfa 1-2] Not found.
18:35:51 Starting mission:
18:35:51  Mission file: tempMissionSP
18:35:51  Mission world: Stratis
18:35:51  Mission directory: C:\Users\Ofel\Documents\Arma 3\missions\tempMissionSP.Stratis\
18:35:52 Attempt to override final function - bis_functions_list
18:35:52 Attempt to override final function - bis_functions_listpreinit
18:35:52 Attempt to override final function - bis_functions_listpostinit
18:35:52 Attempt to override final function - bis_functions_listrecompile
18:35:53 Attempt to override final function - bis_fnc_missiontaskslocal
18:35:53 Attempt to override final function - bis_fnc_missionconversationslocal
18:35:53 Attempt to override final function - bis_fnc_missionflow
18:35:53 soldier[B_diver_exp_F]:Some of magazines weren't stored in soldier Vest or Uniform?
18:35:53 soldier[B_diver_F]:Some of magazines weren't stored in soldier Vest or Uniform?
18:35:53 soldier[B_diver_F]:Some of magazines weren't stored in soldier Vest or Uniform?
18:35:53 soldier[B_diver_F]:Some of magazines weren't stored in soldier Vest or Uniform?
18:35:53 soldier[B_diver_exp_F]:Some of magazines weren't stored in soldier Vest or Uniform?
18:35:53 soldier[B_diver_F]:Some of magazines weren't stored in soldier Vest or Uniform?
18:35:53 soldier[B_diver_exp_F]:Some of magazines weren't stored in soldier Vest or Uniform?
18:35:53 soldier[O_soldier_exp_F]:Some of magazines weren't stored in soldier Vest or Uniform?
18:35:53  Mission id: c32022c4998ee28d58b46913ac76770e01db489e
18:36:01 Ragdoll - loading of ragdoll source "Soldier" started.
18:36:01 Ragdoll - loading of ragdoll source "Soldier" finished successfully.
18:36:07 Loading movesType CfgMovesSharks_F
18:36:07 Reading cached action map data
18:36:08 Unknown attribute itemsCmd
18:36:08 Unknown attribute itemsCmd
18:37:17 Unknown attribute itemsCmd
18:37:17 Unknown attribute itemsCmd
18:38:00 Loading movesType CfgMovesSnakes_F
18:38:00 Reading cached action map data
18:38:43 Loading movesType CfgMovesRabbit_F
18:38:43 Reading cached action map data
18:39:12 Unknown attribute itemsCmd
18:39:12 Unknown attribute itemsCmd
18:39:27 Unknown attribute itemsCmd
18:39:27 Unknown attribute itemsCmd
18:40:35 Unknown attribute itemsCmd
18:40:35 Unknown attribute itemsCmd
18:41:00 Unknown attribute itemsCmd
18:41:00 Unknown attribute itemsCmd
18:42:00 Unknown attribute itemsCmd
18:42:00 Unknown attribute itemsCmd
18:43:20 WARNING: Function 'name' - Ofel is dead
18:43:20 WARNING: Function 'name' - Ofel is dead
18:43:31 EPE manager release (49|125|0)
18:43:31 Number of joints in scene after release: 43
18:43:31 Number of actors in scene after release: 95
18:43:31 EPE manager release (0|95|0)
18:43:31 Number of joints in scene after release: 43
18:43:31 Number of actors in scene after release: 46
18:43:32 EPE manager release (0|46|0)
18:43:32 Attempt to override final function - bis_functions_list
18:43:32 Attempt to override final function - bis_functions_listpreinit
18:43:32 Attempt to override final function - bis_functions_listpostinit
18:43:32 Attempt to override final function - bis_functions_listrecompile
18:43:33 soldier[B_diver_exp_F]:Some of magazines weren't stored in soldier Vest or Uniform?
18:43:33 soldier[B_diver_F]:Some of magazines weren't stored in soldier Vest or Uniform?
18:43:33 soldier[B_diver_F]:Some of magazines weren't stored in soldier Vest or Uniform?
18:43:33 soldier[B_diver_F]:Some of magazines weren't stored in soldier Vest or Uniform?
18:43:33 soldier[B_diver_exp_F]:Some of magazines weren't stored in soldier Vest or Uniform?
18:43:33 soldier[B_diver_F]:Some of magazines weren't stored in soldier Vest or Uniform?
18:43:33 soldier[B_diver_exp_F]:Some of magazines weren't stored in soldier Vest or Uniform?
18:43:33 soldier[O_soldier_exp_F]:Some of magazines weren't stored in soldier Vest or Uniform?
18:43:59 ModParams - Undefined or empty mod directory
18:44:02 ModParams - Undefined or empty mod directory
18:44:02 ModParams - Undefined or empty mod directory
18:44:02 ModParams - Undefined or empty mod directory
18:44:02 ModParams - Undefined or empty mod directory
18:44:02 ModParams - Undefined or empty mod directory
18:44:02 ModParams - Undefined or empty mod directory
18:44:02 ModParams - Undefined or empty mod directory
18:44:02 ModParams - Undefined or empty mod directory
18:44:02 ModParams - Undefined or empty mod directory
18:44:02 ModParams - Undefined or empty mod directory
18:44:02 ModParams - Undefined or empty mod directory
18:44:02 ModParams - Undefined or empty mod directory
18:44:02 ModParams - Undefined or empty mod directory
18:44:02 ModParams - Undefined or empty mod directory
18:44:02 ModParams - Undefined or empty mod directory
18:44:02 ModParams - Undefined or empty mod directory
18:44:02 ModParams - Undefined or empty mod directory
18:44:02 ModParams - Undefined or empty mod directory
18:44:02 ModParams - Undefined or empty mod directory
18:44:02 ModParams - Undefined or empty mod directory
18:44:02 ModParams - Undefined or empty mod directory
18:44:02 ModParams - Undefined or empty mod directory
18:44:02 ModParams - Undefined or empty mod directory
18:44:02 ModParams - Undefined or empty mod directory
18:44:02 ModParams - Undefined or empty mod directory
18:44:02 ModParams - Undefined or empty mod directory
18:44:02 ModParams - Undefined or empty mod directory
18:44:02 ModParams - Undefined or empty mod directory
18:44:02 ModParams - Undefined or empty mod directory
18:44:02 ModParams - Undefined or empty mod directory
18:44:02 ModParams - Undefined or empty mod directory
18:44:02 ModParams - Undefined or empty mod directory
18:44:02 ModParams - Undefined or empty mod directory
18:44:02 ModParams - Undefined or empty mod directory
18:44:02 ModParams - Undefined or empty mod directory
18:44:02 ModParams - Undefined or empty mod directory
18:44:02 ModParams - Undefined or empty mod directory
18:44:02 ModParams - Undefined or empty mod directory
18:44:02 ModParams - Undefined or empty mod directory
18:44:02 ModParams - Undefined or empty mod directory
18:44:02 ModParams - Undefined or empty mod directory
18:44:02 ModParams - Undefined or empty mod directory
18:44:02 ModParams - Undefined or empty mod directory
18:44:02 ModParams - Undefined or empty mod directory
18:44:02 ModParams - Undefined or empty mod directory
18:44:02 ModParams - Undefined or empty mod directory
18:44:02 ModParams - Undefined or empty mod directory
18:44:02 ModParams - Undefined or empty mod directory
18:44:02 ModParams - Undefined or empty mod directory
18:44:02 ModParams - Undefined or empty mod directory
18:44:02 ModParams - Undefined or empty mod directory
18:44:02 ModParams - Undefined or empty mod directory
18:44:02 ModParams - Undefined or empty mod directory
18:44:02 ModParams - Undefined or empty mod directory
18:44:02 ModParams - Undefined or empty mod directory
18:44:02 ModParams - Undefined or empty mod directory
18:44:02 ModParams - Undefined or empty mod directory
18:44:02 ModParams - Undefined or empty mod directory
18:44:02 ModParams - Undefined or empty mod directory
18:44:02 ModParams - Undefined or empty mod directory
18:44:02 ModParams - Undefined or empty mod directory
18:44:02 ModParams - Undefined or empty mod directory
18:44:02 ModParams - Undefined or empty mod directory
18:44:02 ModParams - Undefined or empty mod directory
18:44:02 ModParams - Undefined or empty mod directory
18:44:02 ModParams - Undefined or empty mod directory
18:44:02 ModParams - Undefined or empty mod directory
18:44:02 ModParams - Undefined or empty mod directory
18:44:02 ModParams - Undefined or empty mod directory
18:44:02 ModParams - Undefined or empty mod directory
18:44:02 ModParams - Undefined or empty mod directory
18:44:02 ModParams - Undefined or empty mod directory
18:44:02 ModParams - Undefined or empty mod directory
18:44:02 ModParams - Undefined or empty mod directory
18:44:02 ModParams - Undefined or empty mod directory
18:44:02 ModParams - Undefined or empty mod directory
18:44:02 ModParams - Undefined or empty mod directory
18:44:02 ModParams - Undefined or empty mod directory
18:44:02 ModParams - Undefined or empty mod directory
18:44:05 ModParams - Undefined or empty mod directory
18:44:05 ModParams - Undefined or empty mod directory
18:44:05 ModParams - Undefined or empty mod directory
18:44:05 ModParams - Undefined or empty mod directory
18:44:05 ModParams - Undefined or empty mod directory
18:44:05 ModParams - Undefined or empty mod directory
18:44:05 ModParams - Undefined or empty mod directory
18:44:05 ModParams - Undefined or empty mod directory
18:44:05 ModParams - Undefined or empty mod directory
18:44:05 ModParams - Undefined or empty mod directory
18:44:05 ModParams - Undefined or empty mod directory
18:44:05 ModParams - Undefined or empty mod directory
18:44:05 ModParams - Undefined or empty mod directory
18:44:05 ModParams - Undefined or empty mod directory
18:44:05 ModParams - Undefined or empty mod directory
18:44:05 ModParams - Undefined or empty mod directory
18:44:05 ModParams - Undefined or empty mod directory
18:44:05 ModParams - Undefined or empty mod directory
18:44:05 ModParams - Undefined or empty mod directory
18:44:05 ModParams - Undefined or empty mod directory
18:44:05 ModParams - Undefined or empty mod directory
18:44:05 ModParams - Undefined or empty mod directory
18:44:05 ModParams - Undefined or empty mod directory
18:44:05 ModParams - Undefined or empty mod directory
18:44:05 ModParams - Undefined or empty mod directory
18:44:05 ModParams - Undefined or empty mod directory
18:44:05 ModParams - Undefined or empty mod directory
18:44:05 ModParams - Undefined or empty mod directory
18:44:05 ModParams - Undefined or empty mod directory
18:44:05 ModParams - Undefined or empty mod directory
18:44:05 ModParams - Undefined or empty mod directory
18:44:05 ModParams - Undefined or empty mod directory
18:44:05 ModParams - Undefined or empty mod directory
18:44:05 ModParams - Undefined or empty mod directory
18:44:05 ModParams - Undefined or empty mod directory
18:44:05 ModParams - Undefined or empty mod directory
18:44:05 ModParams - Undefined or empty mod directory
18:44:05 ModParams - Undefined or empty mod directory
18:44:05 ModParams - Undefined or empty mod directory
18:44:05 ModParams - Undefined or empty mod directory
18:44:05 ModParams - Undefined or empty mod directory
18:44:05 ModParams - Undefined or empty mod directory
18:44:05 ModParams - Undefined or empty mod directory
18:44:05 ModParams - Undefined or empty mod directory
18:44:05 ModParams - Undefined or empty mod directory
18:44:05 ModParams - Undefined or empty mod directory
18:44:05 ModParams - Undefined or empty mod directory
18:44:05 ModParams - Undefined or empty mod directory
18:44:05 ModParams - Undefined or empty mod directory
18:44:05 ModParams - Undefined or empty mod directory
18:44:05 ModParams - Undefined or empty mod directory
18:44:05 ModParams - Undefined or empty mod directory
18:44:05 ModParams - Undefined or empty mod directory
18:44:05 ModParams - Undefined or empty mod directory
18:44:05 ModParams - Undefined or empty mod directory
18:44:05 ModParams - Undefined or empty mod directory
18:44:05 ModParams - Undefined or empty mod directory
18:44:05 ModParams - Undefined or empty mod directory
18:44:05 ModParams - Undefined or empty mod directory
18:44:05 ModParams - Undefined or empty mod directory
18:44:05 ModParams - Undefined or empty mod directory
18:44:05 ModParams - Undefined or empty mod directory
18:44:05 ModParams - Undefined or empty mod directory
18:44:05 ModParams - Undefined or empty mod directory
18:44:05 ModParams - Undefined or empty mod directory
18:44:05 ModParams - Undefined or empty mod directory
18:44:05 ModParams - Undefined or empty mod directory
18:44:05 ModParams - Undefined or empty mod directory
18:44:05 ModParams - Undefined or empty mod directory
18:44:05 ModParams - Undefined or empty mod directory
18:44:05 ModParams - Undefined or empty mod directory
18:44:05 ModParams - Undefined or empty mod directory
18:44:05 ModParams - Undefined or empty mod directory
18:44:05 ModParams - Undefined or empty mod directory
18:44:05 ModParams - Undefined or empty mod directory
18:44:05 ModParams - Undefined or empty mod directory
18:44:05 ModParams - Undefined or empty mod directory
18:44:05 ModParams - Undefined or empty mod directory
18:44:05 ModParams - Undefined or empty mod directory
18:44:08 ModParams - Undefined or empty mod directory
18:44:08 ModParams - Undefined or empty mod directory
18:44:08 ModParams - Undefined or empty mod directory
18:44:08 ModParams - Undefined or empty mod directory
18:44:08 ModParams - Undefined or empty mod directory
18:44:08 ModParams - Undefined or empty mod directory
18:44:08 ModParams - Undefined or empty mod directory
18:44:08 ModParams - Undefined or empty mod directory
18:44:08 ModParams - Undefined or empty mod directory
18:44:08 ModParams - Undefined or empty mod directory
18:44:08 ModParams - Undefined or empty mod directory
18:44:08 ModParams - Undefined or empty mod directory
18:44:08 ModParams - Undefined or empty mod directory
18:44:08 ModParams - Undefined or empty mod directory
18:44:08 ModParams - Undefined or empty mod directory
18:44:08 ModParams - Undefined or empty mod directory
18:44:08 ModParams - Undefined or empty mod directory
18:44:08 ModParams - Undefined or empty mod directory
18:44:08 ModParams - Undefined or empty mod directory
18:44:08 ModParams - Undefined or empty mod directory
18:44:08 ModParams - Undefined or empty mod directory
18:44:08 ModParams - Undefined or empty mod directory
18:44:08 ModParams - Undefined or empty mod directory
18:44:08 ModParams - Undefined or empty mod directory
18:44:08 ModParams - Undefined or empty mod directory
18:44:08 ModParams - Undefined or empty mod directory
18:44:08 ModParams - Undefined or empty mod directory
18:44:08 ModParams - Undefined or empty mod directory
18:44:08 ModParams - Undefined or empty mod directory
18:44:08 ModParams - Undefined or empty mod directory
18:44:08 ModParams - Undefined or empty mod directory
18:44:08 ModParams - Undefined or empty mod directory
18:44:08 ModParams - Undefined or empty mod directory
18:44:08 ModParams - Undefined or empty mod directory
18:44:08 ModParams - Undefined or empty mod directory
18:44:08 ModParams - Undefined or empty mod directory
18:44:08 ModParams - Undefined or empty mod directory
18:44:08 ModParams - Undefined or empty mod directory
18:44:08 ModParams - Undefined or empty mod directory
18:44:08 ModParams - Undefined or empty mod directory
18:44:08 ModParams - Undefined or empty mod directory
18:44:08 ModParams - Undefined or empty mod directory
18:44:08 ModParams - Undefined or empty mod directory
18:44:08 ModParams - Undefined or empty mod directory
18:44:08 ModParams - Undefined or empty mod directory
18:44:08 ModParams - Undefined or empty mod directory
18:44:08 ModParams - Undefined or empty mod directory
18:44:08 ModParams - Undefined or empty mod directory
18:44:08 ModParams - Undefined or empty mod directory
18:44:08 ModParams - Undefined or empty mod directory
18:44:08 ModParams - Undefined or empty mod directory
18:44:08 ModParams - Undefined or empty mod directory
18:44:08 ModParams - Undefined or empty mod directory
18:44:08 ModParams - Undefined or empty mod directory
18:44:08 ModParams - Undefined or empty mod directory
18:44:08 ModParams - Undefined or empty mod directory
18:44:08 ModParams - Undefined or empty mod directory
18:44:08 ModParams - Undefined or empty mod directory
18:44:08 ModParams - Undefined or empty mod directory
18:44:08 ModParams - Undefined or empty mod directory
18:44:08 ModParams - Undefined or empty mod directory
18:44:08 ModParams - Undefined or empty mod directory
18:44:08 ModParams - Undefined or empty mod directory
18:44:08 ModParams - Undefined or empty mod directory
18:44:08 ModParams - Undefined or empty mod directory
18:44:08 ModParams - Undefined or empty mod directory
18:44:08 ModParams - Undefined or empty mod directory
18:44:08 ModParams - Undefined or empty mod directory
18:44:08 ModParams - Undefined or empty mod directory
18:44:08 ModParams - Undefined or empty mod directory
18:44:08 ModParams - Undefined or empty mod directory
18:44:08 ModParams - Undefined or empty mod directory
18:44:08 ModParams - Undefined or empty mod directory
18:44:08 ModParams - Undefined or empty mod directory
18:44:08 ModParams - Undefined or empty mod directory
18:44:08 ModParams - Undefined or empty mod directory
18:44:08 ModParams - Undefined or empty mod directory
18:44:08 ModParams - Undefined or empty mod directory
18:44:08 ModParams - Undefined or empty mod directory
18:44:16 ModParams - Undefined or empty mod directory
18:44:16 ModParams - Undefined or empty mod directory
18:44:16 ModParams - Undefined or empty mod directory
18:44:16 ModParams - Undefined or empty mod directory
18:44:16 ModParams - Undefined or empty mod directory
18:44:16 ModParams - Undefined or empty mod directory
18:44:16 ModParams - Undefined or empty mod directory
18:44:16 ModParams - Undefined or empty mod directory
18:44:16 ModParams - Undefined or empty mod directory
18:44:16 ModParams - Undefined or empty mod directory
18:44:16 ModParams - Undefined or empty mod directory
18:44:16 ModParams - Undefined or empty mod directory
18:44:16 ModParams - Undefined or empty mod directory
18:44:16 ModParams - Undefined or empty mod directory
18:44:16 ModParams - Undefined or empty mod directory
18:44:16 ModParams - Undefined or empty mod directory
18:44:16 ModParams - Undefined or empty mod directory
18:44:16 ModParams - Undefined or empty mod directory
18:44:16 ModParams - Undefined or empty mod directory
18:44:16 ModParams - Undefined or empty mod directory
18:44:16 ModParams - Undefined or empty mod directory
18:44:16 ModParams - Undefined or empty mod directory
18:44:16 ModParams - Undefined or empty mod directory
18:44:16 ModParams - Undefined or empty mod directory
18:44:16 ModParams - Undefined or empty mod directory
18:44:16 ModParams - Undefined or empty mod directory
18:44:16 ModParams - Undefined or empty mod directory
18:44:16 ModParams - Undefined or empty mod directory
18:44:16 ModParams - Undefined or empty mod directory
18:44:16 ModParams - Undefined or empty mod directory
18:44:16 ModParams - Undefined or empty mod directory
18:44:16 ModParams - Undefined or empty mod directory
18:44:16 ModParams - Undefined or empty mod directory
18:44:16 ModParams - Undefined or empty mod directory
18:44:16 ModParams - Undefined or empty mod directory
18:44:16 ModParams - Undefined or empty mod directory
18:44:16 ModParams - Undefined or empty mod directory
18:44:16 ModParams - Undefined or empty mod directory
18:44:16 ModParams - Undefined or empty mod directory
18:44:16 ModParams - Undefined or empty mod directory
18:44:16 ModParams - Undefined or empty mod directory
18:44:16 ModParams - Undefined or empty mod directory
18:44:16 ModParams - Undefined or empty mod directory
18:44:16 ModParams - Undefined or empty mod directory
18:44:16 ModParams - Undefined or empty mod directory
18:44:16 ModParams - Undefined or empty mod directory
18:44:16 ModParams - Undefined or empty mod directory
18:44:16 ModParams - Undefined or empty mod directory
18:44:16 ModParams - Undefined or empty mod directory
18:44:16 ModParams - Undefined or empty mod directory
18:44:16 ModParams - Undefined or empty mod directory
18:44:16 ModParams - Undefined or empty mod directory
18:44:16 ModParams - Undefined or empty mod directory
18:44:16 ModParams - Undefined or empty mod directory
18:44:16 ModParams - Undefined or empty mod directory
18:44:16 ModParams - Undefined or empty mod directory
18:44:16 ModParams - Undefined or empty mod directory
18:44:16 ModParams - Undefined or empty mod directory
18:44:16 ModParams - Undefined or empty mod directory
18:44:16 ModParams - Undefined or empty mod directory
18:44:16 ModParams - Undefined or empty mod directory
18:44:16 ModParams - Undefined or empty mod directory
18:44:16 ModParams - Undefined or empty mod directory
18:44:16 ModParams - Undefined or empty mod directory
18:44:16 ModParams - Undefined or empty mod directory
18:44:16 ModParams - Undefined or empty mod directory
18:44:16 ModParams - Undefined or empty mod directory
18:44:16 ModParams - Undefined or empty mod directory
18:44:16 ModParams - Undefined or empty mod directory
18:44:16 ModParams - Undefined or empty mod directory
18:44:16 ModParams - Undefined or empty mod directory
18:44:16 ModParams - Undefined or empty mod directory
18:44:16 ModParams - Undefined or empty mod directory
18:44:16 ModParams - Undefined or empty mod directory
18:44:16 ModParams - Undefined or empty mod directory
18:44:16 ModParams - Undefined or empty mod directory
18:44:16 ModParams - Undefined or empty mod directory
18:44:16 ModParams - Undefined or empty mod directory
18:44:16 ModParams - Undefined or empty mod directory
18:44:23 ModParams - Undefined or empty mod directory
18:44:23 ModParams - Undefined or empty mod directory
18:44:23 ModParams - Undefined or empty mod directory
18:44:23 ModParams - Undefined or empty mod directory
18:44:23 ModParams - Undefined or empty mod directory
18:44:23 ModParams - Undefined or empty mod directory
18:44:23 ModParams - Undefined or empty mod directory
18:44:23 ModParams - Undefined or empty mod directory
18:44:23 ModParams - Undefined or empty mod directory
18:44:23 ModParams - Undefined or empty mod directory
18:44:23 ModParams - Undefined or empty mod directory
18:44:23 ModParams - Undefined or empty mod directory
18:44:23 ModParams - Undefined or empty mod directory
18:44:23 ModParams - Undefined or empty mod directory
18:44:23 ModParams - Undefined or empty mod directory
18:44:23 ModParams - Undefined or empty mod directory
18:44:23 ModParams - Undefined or empty mod directory
18:44:23 ModParams - Undefined or empty mod directory
18:44:23 ModParams - Undefined or empty mod directory
18:44:23 ModParams - Undefined or empty mod directory
18:44:23 ModParams - Undefined or empty mod directory
18:44:23 ModParams - Undefined or empty mod directory
18:44:23 ModParams - Undefined or empty mod directory
18:44:23 ModParams - Undefined or empty mod directory
18:44:23 ModParams - Undefined or empty mod directory
18:44:23 ModParams - Undefined or empty mod directory
18:44:23 ModParams - Undefined or empty mod directory
18:44:23 ModParams - Undefined or empty mod directory
18:44:23 ModParams - Undefined or empty mod directory
18:44:23 ModParams - Undefined or empty mod directory
18:44:23 ModParams - Undefined or empty mod directory
18:44:23 ModParams - Undefined or empty mod directory
18:44:23 ModParams - Undefined or empty mod directory
18:44:23 ModParams - Undefined or empty mod directory
18:44:23 ModParams - Undefined or empty mod directory
18:44:23 ModParams - Undefined or empty mod directory
18:44:23 ModParams - Undefined or empty mod directory
18:44:23 ModParams - Undefined or empty mod directory
18:44:23 ModParams - Undefined or empty mod directory
18:44:23 ModParams - Undefined or empty mod directory
18:44:23 ModParams - Undefined or empty mod directory
18:44:23 ModParams - Undefined or empty mod directory
18:44:23 ModParams - Undefined or empty mod directory
18:44:23 ModParams - Undefined or empty mod directory
18:44:23 ModParams - Undefined or empty mod directory
18:44:23 ModParams - Undefined or empty mod directory
18:44:23 ModParams - Undefined or empty mod directory
18:44:23 ModParams - Undefined or empty mod directory
18:44:23 ModParams - Undefined or empty mod directory
18:44:23 ModParams - Undefined or empty mod directory
18:44:23 ModParams - Undefined or empty mod directory
18:44:23 ModParams - Undefined or empty mod directory
18:44:23 ModParams - Undefined or empty mod directory
18:44:23 ModParams - Undefined or empty mod directory
18:44:23 ModParams - Undefined or empty mod directory
18:44:23 ModParams - Undefined or empty mod directory
18:44:23 ModParams - Undefined or empty mod directory
18:44:23 ModParams - Undefined or empty mod directory
18:44:23 ModParams - Undefined or empty mod directory
18:44:23 ModParams - Undefined or empty mod directory
18:44:23 ModParams - Undefined or empty mod directory
18:44:23 ModParams - Undefined or empty mod directory
18:44:23 ModParams - Undefined or empty mod directory
18:44:23 ModParams - Undefined or empty mod directory
18:44:23 ModParams - Undefined or empty mod directory
18:44:23 ModParams - Undefined or empty mod directory
18:44:23 ModParams - Undefined or empty mod directory
18:44:23 ModParams - Undefined or empty mod directory
18:44:23 ModParams - Undefined or empty mod directory
18:44:23 ModParams - Undefined or empty mod directory
18:44:23 ModParams - Undefined or empty mod directory
18:44:23 ModParams - Undefined or empty mod directory
18:44:23 ModParams - Undefined or empty mod directory
18:44:23 ModParams - Undefined or empty mod directory
18:44:23 ModParams - Undefined or empty mod directory
18:44:23 ModParams - Undefined or empty mod directory
18:44:23 ModParams - Undefined or empty mod directory
18:44:23 ModParams - Undefined or empty mod directory
18:44:23 ModParams - Undefined or empty mod directory
18:44:27 ModParams - Undefined or empty mod directory
18:44:27 ModParams - Undefined or empty mod directory
18:44:27 ModParams - Undefined or empty mod directory
18:44:27 ModParams - Undefined or empty mod directory
18:44:27 ModParams - Undefined or empty mod directory
18:44:27 ModParams - Undefined or empty mod directory
18:44:27 ModParams - Undefined or empty mod directory
18:44:27 ModParams - Undefined or empty mod directory
18:44:27 ModParams - Undefined or empty mod directory
18:44:27 ModParams - Undefined or empty mod directory
18:44:27 ModParams - Undefined or empty mod directory
18:44:27 ModParams - Undefined or empty mod directory
18:44:27 ModParams - Undefined or empty mod directory
18:44:27 ModParams - Undefined or empty mod directory
18:44:27 ModParams - Undefined or empty mod directory
18:44:27 ModParams - Undefined or empty mod directory
18:44:27 ModParams - Undefined or empty mod directory
18:44:27 ModParams - Undefined or empty mod directory
18:44:27 ModParams - Undefined or empty mod directory
18:44:27 ModParams - Undefined or empty mod directory
18:44:27 ModParams - Undefined or empty mod directory
18:44:27 ModParams - Undefined or empty mod directory
18:44:27 ModParams - Undefined or empty mod directory
18:44:27 ModParams - Undefined or empty mod directory
18:44:27 ModParams - Undefined or empty mod directory
18:44:27 ModParams - Undefined or empty mod directory
18:44:27 ModParams - Undefined or empty mod directory
18:44:27 ModParams - Undefined or empty mod directory
18:44:27 ModParams - Undefined or empty mod directory
18:44:27 ModParams - Undefined or empty mod directory
18:44:27 ModParams - Undefined or empty mod directory
18:44:27 ModParams - Undefined or empty mod directory
18:44:27 ModParams - Undefined or empty mod directory
18:44:27 ModParams - Undefined or empty mod directory
18:44:27 ModParams - Undefined or empty mod directory
18:44:27 ModParams - Undefined or empty mod directory
18:44:27 ModParams - Undefined or empty mod directory
18:44:27 ModParams - Undefined or empty mod directory
18:44:27 ModParams - Undefined or empty mod directory
18:44:27 ModParams - Undefined or empty mod directory
18:44:27 ModParams - Undefined or empty mod directory
18:44:27 ModParams - Undefined or empty mod directory
18:44:27 ModParams - Undefined or empty mod directory
18:44:27 ModParams - Undefined or empty mod directory
18:44:27 ModParams - Undefined or empty mod directory
18:44:27 ModParams - Undefined or empty mod directory
18:44:27 ModParams - Undefined or empty mod directory
18:44:27 ModParams - Undefined or empty mod directory
18:44:27 ModParams - Undefined or empty mod directory
18:44:27 ModParams - Undefined or empty mod directory
18:44:27 ModParams - Undefined or empty mod directory
18:44:27 ModParams - Undefined or empty mod directory
18:44:27 ModParams - Undefined or empty mod directory
18:44:27 ModParams - Undefined or empty mod directory
18:44:27 ModParams - Undefined or empty mod directory
18:44:27 ModParams - Undefined or empty mod directory
18:44:27 ModParams - Undefined or empty mod directory
18:44:27 ModParams - Undefined or empty mod directory
18:44:27 ModParams - Undefined or empty mod directory
18:44:27 ModParams - Undefined or empty mod directory
18:44:27 ModParams - Undefined or empty mod directory
18:44:27 ModParams - Undefined or empty mod directory
18:44:27 ModParams - Undefined or empty mod directory
18:44:27 ModParams - Undefined or empty mod directory
18:44:27 ModParams - Undefined or empty mod directory
18:44:27 ModParams - Undefined or empty mod directory
18:44:27 ModParams - Undefined or empty mod directory
18:44:27 ModParams - Undefined or empty mod directory
18:44:27 ModParams - Undefined or empty mod directory
18:44:27 ModParams - Undefined or empty mod directory
18:44:27 ModParams - Undefined or empty mod directory
18:44:27 ModParams - Undefined or empty mod directory
18:44:27 ModParams - Undefined or empty mod directory
18:44:27 ModParams - Undefined or empty mod directory
18:44:27 ModParams - Undefined or empty mod directory
18:44:27 ModParams - Undefined or empty mod directory
18:44:27 ModParams - Undefined or empty mod directory
18:44:27 ModParams - Undefined or empty mod directory
18:44:27 ModParams - Undefined or empty mod directory
18:44:32 ModParams - Undefined or empty mod directory
18:44:32 ModParams - Undefined or empty mod directory
18:44:32 ModParams - Undefined or empty mod directory
18:44:32 ModParams - Undefined or empty mod directory
18:44:32 ModParams - Undefined or empty mod directory
18:44:32 ModParams - Undefined or empty mod directory
18:44:32 ModParams - Undefined or empty mod directory
18:44:32 ModParams - Undefined or empty mod directory
18:44:32 ModParams - Undefined or empty mod directory
18:44:32 ModParams - Undefined or empty mod directory
18:44:32 ModParams - Undefined or empty mod directory
18:44:32 ModParams - Undefined or empty mod directory
18:44:32 ModParams - Undefined or empty mod directory
18:44:32 ModParams - Undefined or empty mod directory
18:44:32 ModParams - Undefined or empty mod directory
18:44:32 ModParams - Undefined or empty mod directory
18:44:32 ModParams - Undefined or empty mod directory
18:44:32 ModParams - Undefined or empty mod directory
18:44:32 ModParams - Undefined or empty mod directory
18:44:32 ModParams - Undefined or empty mod directory
18:44:32 ModParams - Undefined or empty mod directory
18:44:32 ModParams - Undefined or empty mod directory
18:44:32 ModParams - Undefined or empty mod directory
18:44:32 ModParams - Undefined or empty mod directory
18:44:32 ModParams - Undefined or empty mod directory
18:44:32 ModParams - Undefined or empty mod directory
18:44:32 ModParams - Undefined or empty mod directory
18:44:32 ModParams - Undefined or empty mod directory
18:44:32 ModParams - Undefined or empty mod directory
18:44:32 ModParams - Undefined or empty mod directory
18:44:32 ModParams - Undefined or empty mod directory
18:44:32 ModParams - Undefined or empty mod directory
18:44:32 ModParams - Undefined or empty mod directory
18:44:32 ModParams - Undefined or empty mod directory
18:44:32 ModParams - Undefined or empty mod directory
18:44:32 ModParams - Undefined or empty mod directory
18:44:32 ModParams - Undefined or empty mod directory
18:44:32 ModParams - Undefined or empty mod directory
18:44:32 ModParams - Undefined or empty mod directory
18:44:32 ModParams - Undefined or empty mod directory
18:44:32 ModParams - Undefined or empty mod directory
18:44:32 ModParams - Undefined or empty mod directory
18:44:32 ModParams - Undefined or empty mod directory
18:44:32 ModParams - Undefined or empty mod directory
18:44:32 ModParams - Undefined or empty mod directory
18:44:32 ModParams - Undefined or empty mod directory
18:44:32 ModParams - Undefined or empty mod directory
18:44:32 ModParams - Undefined or empty mod directory
18:44:32 ModParams - Undefined or empty mod directory
18:44:32 ModParams - Undefined or empty mod directory
18:44:32 ModParams - Undefined or empty mod directory
18:44:32 ModParams - Undefined or empty mod directory
18:44:32 ModParams - Undefined or empty mod directory
18:44:32 ModParams - Undefined or empty mod directory
18:44:32 ModParams - Undefined or empty mod directory
18:44:32 ModParams - Undefined or empty mod directory
18:44:32 ModParams - Undefined or empty mod directory
18:44:32 ModParams - Undefined or empty mod directory
18:44:32 ModParams - Undefined or empty mod directory
18:44:32 ModParams - Undefined or empty mod directory
18:44:32 ModParams - Undefined or empty mod directory
18:44:32 ModParams - Undefined or empty mod directory
18:44:32 ModParams - Undefined or empty mod directory
18:44:32 ModParams - Undefined or empty mod directory
18:44:32 ModParams - Undefined or empty mod directory
18:44:32 ModParams - Undefined or empty mod directory
18:44:32 ModParams - Undefined or empty mod directory
18:44:32 ModParams - Undefined or empty mod directory
18:44:32 ModParams - Undefined or empty mod directory
18:44:32 ModParams - Undefined or empty mod directory
18:44:32 ModParams - Undefined or empty mod directory
18:44:32 ModParams - Undefined or empty mod directory
18:44:32 ModParams - Undefined or empty mod directory
18:44:32 ModParams - Undefined or empty mod directory
18:44:32 ModParams - Undefined or empty mod directory
18:44:32 ModParams - Undefined or empty mod directory
18:44:32 ModParams - Undefined or empty mod directory
18:44:32 ModParams - Undefined or empty mod directory
18:44:32 ModParams - Undefined or empty mod directory
18:44:53 Starting mission:
18:44:53  Mission file: tempMissionSP
18:44:53  Mission world: Stratis
18:44:53  Mission directory: C:\Users\Ofel\Documents\Arma 3\missions\tempMissionSP.Stratis\
18:44:55 Attempt to override final function - bis_functions_list
18:44:55 Attempt to override final function - bis_functions_listpreinit
18:44:55 Attempt to override final function - bis_functions_listpostinit
18:44:55 Attempt to override final function - bis_functions_listrecompile
18:44:55 Attempt to override final function - bis_fnc_missiontaskslocal
18:44:55 Attempt to override final function - bis_fnc_missionconversationslocal
18:44:55 Attempt to override final function - bis_fnc_missionflow
18:44:55 soldier[B_diver_exp_F]:Some of magazines weren't stored in soldier Vest or Uniform?
18:44:55 soldier[B_diver_F]:Some of magazines weren't stored in soldier Vest or Uniform?
18:44:55 soldier[B_diver_F]:Some of magazines weren't stored in soldier Vest or Uniform?
18:44:55 soldier[B_diver_F]:Some of magazines weren't stored in soldier Vest or Uniform?
18:44:55 soldier[B_diver_exp_F]:Some of magazines weren't stored in soldier Vest or Uniform?
18:44:55 soldier[B_diver_F]:Some of magazines weren't stored in soldier Vest or Uniform?
18:44:55 soldier[B_diver_exp_F]:Some of magazines weren't stored in soldier Vest or Uniform?
18:44:55 soldier[O_soldier_exp_F]:Some of magazines weren't stored in soldier Vest or Uniform?
18:44:56  Mission id: 9918aacbccc6b54a6c6d2a28db0c9031dbb3d9b9
18:45:06 Unknown attribute itemsCmd
18:45:06 Unknown attribute itemsCmd
18:45:20 Unknown attribute itemsCmd
18:45:20 Unknown attribute itemsCmd
18:47:44 WARNING: Function 'name' - Ofel is dead
18:47:44 WARNING: Function 'name' - Ofel is dead
18:47:48 EPE manager release (37|93|0)
18:47:48 Number of joints in scene after release: 28
18:47:48 Number of actors in scene after release: 67
18:47:48 EPE manager release (0|67|0)
18:47:48 Number of joints in scene after release: 28
18:47:48 Number of actors in scene after release: 30
18:47:49 EPE manager release (0|30|0)
18:47:50 Attempt to override final function - bis_functions_list
18:47:50 Attempt to override final function - bis_functions_listpreinit
18:47:50 Attempt to override final function - bis_functions_listpostinit
18:47:50 Attempt to override final function - bis_functions_listrecompile
18:47:50 soldier[B_diver_exp_F]:Some of magazines weren't stored in soldier Vest or Uniform?
18:47:50 soldier[B_diver_F]:Some of magazines weren't stored in soldier Vest or Uniform?
18:47:50 soldier[B_diver_F]:Some of magazines weren't stored in soldier Vest or Uniform?
18:47:50 soldier[B_diver_F]:Some of magazines weren't stored in soldier Vest or Uniform?
18:47:50 soldier[B_diver_exp_F]:Some of magazines weren't stored in soldier Vest or Uniform?
18:47:50 soldier[B_diver_F]:Some of magazines weren't stored in soldier Vest or Uniform?
18:47:50 soldier[B_diver_exp_F]:Some of magazines weren't stored in soldier Vest or Uniform?
18:47:50 soldier[O_soldier_exp_F]:Some of magazines weren't stored in soldier Vest or Uniform?
18:47:58 ModParams - Undefined or empty mod directory
18:48:01 ModParams - Undefined or empty mod directory
18:48:01 ModParams - Undefined or empty mod directory
18:48:01 ModParams - Undefined or empty mod directory
18:48:01 ModParams - Undefined or empty mod directory
18:48:01 ModParams - Undefined or empty mod directory
18:48:01 ModParams - Undefined or empty mod directory
18:48:01 ModParams - Undefined or empty mod directory
18:48:01 ModParams - Undefined or empty mod directory
18:48:01 ModParams - Undefined or empty mod directory
18:48:01 ModParams - Undefined or empty mod directory
18:48:01 ModParams - Undefined or empty mod directory
18:48:01 ModParams - Undefined or empty mod directory
18:48:01 ModParams - Undefined or empty mod directory
18:48:01 ModParams - Undefined or empty mod directory
18:48:01 ModParams - Undefined or empty mod directory
18:48:01 ModParams - Undefined or empty mod directory
18:48:01 ModParams - Undefined or empty mod directory
18:48:01 ModParams - Undefined or empty mod directory
18:48:01 ModParams - Undefined or empty mod directory
18:48:01 ModParams - Undefined or empty mod directory
18:48:01 ModParams - Undefined or empty mod directory
18:48:01 ModParams - Undefined or empty mod directory
18:48:01 ModParams - Undefined or empty mod directory
18:48:01 ModParams - Undefined or empty mod directory
18:48:01 ModParams - Undefined or empty mod directory
18:48:01 ModParams - Undefined or empty mod directory
18:48:01 ModParams - Undefined or empty mod directory
18:48:01 ModParams - Undefined or empty mod directory
18:48:01 ModParams - Undefined or empty mod directory
18:48:01 ModParams - Undefined or empty mod directory
18:48:01 ModParams - Undefined or empty mod directory
18:48:01 ModParams - Undefined or empty mod directory
18:48:01 ModParams - Undefined or empty mod directory
18:48:01 ModParams - Undefined or empty mod directory
18:48:01 ModParams - Undefined or empty mod directory
18:48:01 ModParams - Undefined or empty mod directory
18:48:01 ModParams - Undefined or empty mod directory
18:48:01 ModParams - Undefined or empty mod directory
18:48:01 ModParams - Undefined or empty mod directory
18:48:01 ModParams - Undefined or empty mod directory
18:48:01 ModParams - Undefined or empty mod directory
18:48:01 ModParams - Undefined or empty mod directory
18:48:01 ModParams - Undefined or empty mod directory
18:48:01 ModParams - Undefined or empty mod directory
18:48:01 ModParams - Undefined or empty mod directory
18:48:01 ModParams - Undefined or empty mod directory
18:48:01 ModParams - Undefined or empty mod directory
18:48:01 ModParams - Undefined or empty mod directory
18:48:01 ModParams - Undefined or empty mod directory
18:48:01 ModParams - Undefined or empty mod directory
18:48:01 ModParams - Undefined or empty mod directory
18:48:01 ModParams - Undefined or empty mod directory
18:48:01 ModParams - Undefined or empty mod directory
18:48:01 ModParams - Undefined or empty mod directory
18:48:01 ModParams - Undefined or empty mod directory
18:48:01 ModParams - Undefined or empty mod directory
18:48:01 ModParams - Undefined or empty mod directory
18:48:01 ModParams - Undefined or empty mod directory
18:48:01 ModParams - Undefined or empty mod directory
18:48:01 ModParams - Undefined or empty mod directory
18:48:01 ModParams - Undefined or empty mod directory
18:48:01 ModParams - Undefined or empty mod directory
18:48:01 ModParams - Undefined or empty mod directory
18:48:01 ModParams - Undefined or empty mod directory
18:48:01 ModParams - Undefined or empty mod directory
18:48:01 ModParams - Undefined or empty mod directory
18:48:01 ModParams - Undefined or empty mod directory
18:48:01 ModParams - Undefined or empty mod directory
18:48:01 ModParams - Undefined or empty mod directory
18:48:01 ModParams - Undefined or empty mod directory
18:48:01 ModParams - Undefined or empty mod directory
18:48:01 ModParams - Undefined or empty mod directory
18:48:01 ModParams - Undefined or empty mod directory
18:48:01 ModParams - Undefined or empty mod directory
18:48:01 ModParams - Undefined or empty mod directory
18:48:01 ModParams - Undefined or empty mod directory
18:48:01 ModParams - Undefined or empty mod directory
18:48:01 ModParams - Undefined or empty mod directory
18:48:01 ModParams - Undefined or empty mod directory
18:48:14 soldier[B_diver_exp_F]:Some of magazines weren't stored in soldier Vest or Uniform?
18:48:14 [weapon arifle_SDAR_F]: item[muzzle_snds_L] does not match to this weapon!
18:48:35 [weapon hgun_P07_F]: item[optic_Aco] does not match to this weapon!
18:48:35 [weapon arifle_SPAR_03_khk_F]: item[muzzle_snds_L] does not match to this weapon!
18:48:44 Starting mission:
18:48:44  Mission file: tempMissionSP
18:48:44  Mission world: Stratis
18:48:44  Mission directory: C:\Users\Ofel\Documents\Arma 3\missions\tempMissionSP.Stratis\
18:48:45 Attempt to override final function - bis_functions_list
18:48:45 Attempt to override final function - bis_functions_listpreinit
18:48:45 Attempt to override final function - bis_functions_listpostinit
18:48:45 Attempt to override final function - bis_functions_listrecompile
18:48:46 Attempt to override final function - bis_fnc_missiontaskslocal
18:48:46 Attempt to override final function - bis_fnc_missionconversationslocal
18:48:46 Attempt to override final function - bis_fnc_missionflow
18:48:46 soldier[B_diver_exp_F]:Some of magazines weren't stored in soldier Vest or Uniform?
18:48:46 soldier[B_diver_F]:Some of magazines weren't stored in soldier Vest or Uniform?
18:48:46 soldier[B_diver_F]:Some of magazines weren't stored in soldier Vest or Uniform?
18:48:46 soldier[B_diver_F]:Some of magazines weren't stored in soldier Vest or Uniform?
18:48:46 soldier[B_diver_exp_F]:Some of magazines weren't stored in soldier Vest or Uniform?
18:48:46 soldier[B_diver_F]:Some of magazines weren't stored in soldier Vest or Uniform?
18:48:46 soldier[B_diver_exp_F]:Some of magazines weren't stored in soldier Vest or Uniform?
18:48:46 soldier[O_soldier_exp_F]:Some of magazines weren't stored in soldier Vest or Uniform?
18:48:47  Mission id: e584124e77156ad1772aa0f9328b9fc486a00ae0
18:49:18 Unknown attribute itemsCmd
18:49:18 Unknown attribute itemsCmd
18:50:30 Sound: Error: File: a3\sounds_f\characters\crawl\pavement_crawl_5.wss not found !!!
18:50:30 Sound: Error: Multi-stream: Load failed, stream a3\sounds_f\characters\crawl\pavement_crawl_5.wss not found !!!
18:50:31 Sound: Error: File: a3\sounds_f\characters\crawl\pavement_crawl_3.wss not found !!!
18:50:31 Sound: Error: Multi-stream: Load failed, stream a3\sounds_f\characters\crawl\pavement_crawl_3.wss not found !!!
18:50:31 Sound: Error: File: a3\sounds_f\characters\crawl\pavement_crawl_4.wss not found !!!
18:50:31 Sound: Error: Multi-stream: Load failed, stream a3\sounds_f\characters\crawl\pavement_crawl_4.wss not found !!!
18:50:32 Sound: Error: File: a3\sounds_f\characters\crawl\pavement_crawl_5.wss not found !!!
18:50:32 Sound: Error: Multi-stream: Load failed, stream a3\sounds_f\characters\crawl\pavement_crawl_5.wss not found !!!
18:50:33 Sound: Error: File: a3\sounds_f\characters\crawl\pavement_crawl_2.wss not found !!!
18:50:33 Sound: Error: Multi-stream: Load failed, stream a3\sounds_f\characters\crawl\pavement_crawl_2.wss not found !!!
18:50:33 Sound: Error: File: a3\sounds_f\characters\crawl\pavement_crawl_1.wss not found !!!
18:50:33 Sound: Error: Multi-stream: Load failed, stream a3\sounds_f\characters\crawl\pavement_crawl_1.wss not found !!!
18:50:34 Sound: Error: File: a3\sounds_f\characters\crawl\pavement_crawl_5.wss not found !!!
18:50:34 Sound: Error: Multi-stream: Load failed, stream a3\sounds_f\characters\crawl\pavement_crawl_5.wss not found !!!
18:50:35 Sound: Error: File: a3\sounds_f\characters\crawl\pavement_crawl_1.wss not found !!!
18:50:35 Sound: Error: Multi-stream: Load failed, stream a3\sounds_f\characters\crawl\pavement_crawl_1.wss not found !!!
18:50:35 Sound: Error: File: a3\sounds_f\characters\crawl\pavement_crawl_3.wss not found !!!
18:50:35 Sound: Error: Multi-stream: Load failed, stream a3\sounds_f\characters\crawl\pavement_crawl_3.wss not found !!!
18:50:36 Sound: Error: File: a3\sounds_f\characters\crawl\pavement_crawl_1.wss not found !!!
18:50:36 Sound: Error: Multi-stream: Load failed, stream a3\sounds_f\characters\crawl\pavement_crawl_1.wss not found !!!
18:50:36 Sound: Error: File: a3\sounds_f\characters\crawl\pavement_crawl_5.wss not found !!!
18:50:37 Sound: Error: Multi-stream: Load failed, stream a3\sounds_f\characters\crawl\pavement_crawl_5.wss not found !!!
18:50:37 Sound: Error: File: a3\sounds_f\characters\crawl\pavement_crawl_3.wss not found !!!
18:50:37 Sound: Error: Multi-stream: Load failed, stream a3\sounds_f\characters\crawl\pavement_crawl_3.wss not found !!!
18:50:38 Sound: Error: File: a3\sounds_f\characters\crawl\pavement_crawl_4.wss not found !!!
18:50:38 Sound: Error: Multi-stream: Load failed, stream a3\sounds_f\characters\crawl\pavement_crawl_4.wss not found !!!
18:50:38 Sound: Error: File: a3\sounds_f\characters\crawl\pavement_crawl_3.wss not found !!!
18:50:38 Sound: Error: Multi-stream: Load failed, stream a3\sounds_f\characters\crawl\pavement_crawl_3.wss not found !!!
18:50:39 Sound: Error: File: a3\sounds_f\characters\crawl\pavement_crawl_4.wss not found !!!
18:50:39 Sound: Error: Multi-stream: Load failed, stream a3\sounds_f\characters\crawl\pavement_crawl_4.wss not found !!!
18:50:39 Sound: Error: File: a3\sounds_f\characters\crawl\pavement_crawl_3.wss not found !!!
18:50:39 Sound: Error: Multi-stream: Load failed, stream a3\sounds_f\characters\crawl\pavement_crawl_3.wss not found !!!
18:53:11 Unknown attribute itemsCmd
18:53:11 Unknown attribute itemsCmd
