=====================================================================
== C:\Program Files (x86)\Steam\steamapps\common\Arma 3\arma3.exe
== "C:\Program Files (x86)\Steam\steamapps\common\Arma 3\arma3.exe" -mod=

Original output filename: Arma3Retail_DX11
Exe timestamp: 2016/12/07 10:50:01
Current time:  2016/12/23 15:34:11

Type: Public
Build: Stable
Version: 1.66.139586

Allocator: C:\Program Files (x86)\Steam\steamapps\common\Arma 3\dll\tbb4malloc_bi.dll
=====================================================================

15:34:11 Cannot register unknown string STR_USRACT_ACTIVESENSORSTOGGLE
15:34:11 Cannot register unknown string STR_CONTROLS_TOOLTIPS_SENSORS
15:34:11 Cannot register unknown string STR_CLIENT_IS_HOST
15:34:11 Cannot register unknown string STR_CLIENT_IS_DS_ADMIN
15:34:11 Initializing stats manager.
15:34:11 sessionID: 003a0b6f10ad15a9788e655de56922d717b198f9
15:34:16 Updating base class RscShortcutButton->RscButton, by a3\editor_f\config.bin/RscDisplayEditObject/Controls/B_OK/
15:34:16 Updating base class RscSliderH->RscXSliderH, by a3\editor_f\config.bin/RscDisplayEditObject/Slider/
15:34:16 Updating base class RscText->RscPicture, by a3\editor_f\config.bin/RscDisplayEditObject/Preview/
15:34:16 Updating base class RscShortcutButton->RscButton, by a3\editor_f\config.bin/RscDisplayMissionLoad/Controls/B_OK/
15:34:16 Updating base class RscShortcutButton->RscButton, by a3\editor_f\config.bin/RscDisplayMissionSave/Controls/B_OK/
15:34:16 Updating base class BlendAnims->, by a3\anims_f\config\sdr\weaponswitching\config.bin/CfgMovesMaleSdr/BlendAnims/
15:34:16 Updating base class ->RscControlsGroup, by a3\ui_f\config.bin/RscControlsGroupNoScrollbars/
15:34:16 Updating base class ->RscControlsGroup, by a3\ui_f\config.bin/RscControlsGroupNoHScrollbars/
15:34:16 Updating base class ->RscControlsGroup, by a3\ui_f\config.bin/RscControlsGroupNoVScrollbars/
15:34:16 Updating base class ->RscText, by a3\ui_f\config.bin/RscLine/
15:34:16 Updating base class ->RscActiveText, by a3\ui_f\config.bin/RscActivePicture/
15:34:16 Updating base class ->RscButton, by a3\ui_f\config.bin/RscButtonTextOnly/
15:34:16 Updating base class ->RscShortcutButton, by a3\ui_f\config.bin/RscShortcutButtonMain/
15:34:16 Updating base class ->RscShortcutButton, by a3\ui_f\config.bin/RscButtonEditor/
15:34:16 Updating base class ->RscShortcutButton, by a3\ui_f\config.bin/RscIGUIShortcutButton/
15:34:16 Updating base class ->RscShortcutButton, by a3\ui_f\config.bin/RscGearShortcutButton/
15:34:16 Updating base class ->RscShortcutButton, by a3\ui_f\config.bin/RscButtonMenu/
15:34:16 Updating base class ->RscButtonMenu, by a3\ui_f\config.bin/RscButtonMenuOK/
15:34:16 Updating base class ->RscButtonMenu, by a3\ui_f\config.bin/RscButtonMenuCancel/
15:34:16 Updating base class ->RscButtonMenu, by a3\ui_f\config.bin/RscButtonMenuSteam/
15:34:16 Updating base class ->RscText, by a3\ui_f\config.bin/RscLoadingText/
15:34:16 Updating base class ->RscListBox, by a3\ui_f\config.bin/RscIGUIListBox/
15:34:16 Updating base class ->RscListNBox, by a3\ui_f\config.bin/RscIGUIListNBox/
15:34:16 Updating base class ->RscText, by a3\ui_f\config.bin/RscBackground/
15:34:16 Updating base class ->RscText, by a3\ui_f\config.bin/RscBackgroundGUI/
15:34:16 Updating base class ->RscPicture, by a3\ui_f\config.bin/RscBackgroundGUILeft/
15:34:16 Updating base class ->RscPicture, by a3\ui_f\config.bin/RscBackgroundGUIRight/
15:34:16 Updating base class ->RscPicture, by a3\ui_f\config.bin/RscBackgroundGUIBottom/
15:34:16 Updating base class ->RscText, by a3\ui_f\config.bin/RscBackgroundGUITop/
15:34:16 Updating base class ->RscText, by a3\ui_f\config.bin/RscBackgroundGUIDark/
15:34:16 Updating base class ->RscPictureKeepAspect, by a3\ui_f\config.bin/RscBackgroundLogo/
15:34:16 Updating base class ->RscMapControl, by a3\ui_f\config.bin/RscMapControlEmpty/
15:34:16 Updating base class ->RscPicture, by a3\ui_f\config.bin/CA_Mainback/
15:34:16 Updating base class ->CA_Mainback, by a3\ui_f\config.bin/CA_Back/
15:34:16 Updating base class ->CA_Mainback, by a3\ui_f\config.bin/CA_Title_Back/
15:34:16 Updating base class ->CA_Mainback, by a3\ui_f\config.bin/CA_Black_Back/
15:34:16 Updating base class ->RscTitle, by a3\ui_f\config.bin/CA_Title/
15:34:16 Updating base class ->RscPictureKeepAspect, by a3\ui_f\config.bin/CA_Logo/
15:34:16 Updating base class ->CA_Logo, by a3\ui_f\config.bin/CA_Logo_Small/
15:34:16 Updating base class ->RscButton, by a3\ui_f\config.bin/CA_RscButton/
15:34:16 Updating base class ->CA_RscButton, by a3\ui_f\config.bin/CA_RscButton_dialog/
15:34:16 Updating base class ->RscActiveText, by a3\ui_f\config.bin/CA_Ok/
15:34:16 Updating base class ->RscText, by a3\ui_f\config.bin/CA_Ok_image/
15:34:16 Updating base class ->RscText, by a3\ui_f\config.bin/CA_Ok_image2/
15:34:16 Updating base class ->RscText, by a3\ui_f\config.bin/CA_Ok_text/
15:34:16 Updating base class ->RscPicture, by a3\ui_f\config.bin/RscVignette/
15:34:16 Updating base class ->RscControlsGroupNoScrollbars, by a3\ui_f\config.bin/RscMapControlTooltip/
15:34:16 Updating base class RscUnitInfo->RscUnitInfoAirNoWeapon, by a3\ui_f\config.bin/RscInGameUI/RscUnitInfoAir/
15:34:16 Updating base class RscControlsGroup->RscControlsGroupNoScrollbars, by a3\ui_f\config.bin/RscInGameUI/RscTaskOverview/controls/TaskOverviewAssigned/
15:34:16 Updating base class RscShortcutButton->RscButtonMenu, by a3\ui_f\config.bin/RscDisplayDebug/Controls/B_OK/
15:34:16 Updating base class RscShortcutButton->RscButtonMenu, by a3\ui_f\config.bin/RscDisplayDebug/Controls/B_Cancel/
15:34:16 Updating base class RscShortcutButton->RscButtonMenu, by a3\ui_f\config.bin/RscDisplayDebug/Controls/B_Clear/
15:34:16 Updating base class ->RscText, by a3\ui_f\config.bin/RscDisplayCapture/controls/TimeLines/
15:34:16 Updating base class RscShortcutButton->RscButtonMenu, by a3\ui_f\config.bin/RscDisplayCapture/controls/ButtonAverages/
15:34:16 Updating base class RscShortcutButton->RscButtonMenu, by a3\ui_f\config.bin/RscDisplayCapture/controls/ButtonSavePreviousData/
15:34:16 Updating base class RscShortcutButton->RscButtonMenu, by a3\ui_f\config.bin/RscDisplayCapture/controls/ButtonPreviousData/
15:34:16 Updating base class RscPicture->RscPictureKeepAspect, by a3\ui_f\config.bin/RscDisplayMain/IconPicture/
15:34:16 Updating base class IconPicture->RscPictureKeepAspect, by a3\ui_f\config.bin/RscDisplayMain/DlcOwnedIconPicture/
15:34:16 Updating base class IconPicture->RscPictureKeepAspect, by a3\ui_f\config.bin/RscDisplayMain/DlcIconPicture/
15:34:16 Updating base class RscControlsGroup->RscControlsGroupNoScrollbars, by a3\ui_f\config.bin/RscDisplayCampaignLoad/controls/OverviewGroup/
15:34:16 Updating base class RscButton->RscButtonSearch, by a3\ui_f\config.bin/RscDisplayCampaignLoad/controls/SearchButton/
15:34:16 Updating base class RscShortcutButton->RscButtonMenuCancel, by a3\ui_f\config.bin/RscDisplayCampaignLoad/controls/ButtonCancel/
15:34:16 Updating base class RscShortcutButton->RscButtonMenu, by a3\ui_f\config.bin/RscDisplayCampaignLoad/controls/ButtonGameOptions/
15:34:16 Updating base class RscShortcutButton->RscButtonMenuSteam, by a3\ui_f\config.bin/RscDisplayCampaignLoad/controls/ButtonBuyDLC/
15:34:16 Updating base class RscShortcutButton->RscButtonMenu, by a3\ui_f\config.bin/RscDisplayCampaignLoad/controls/ButtonRevert/
15:34:16 Updating base class RscShortcutButton->RscButtonMenuOK, by a3\ui_f\config.bin/RscDisplayCampaignLoad/controls/ButtonOK/
15:34:16 Updating base class RscListBox->RscCombo, by a3\ui_f\config.bin/RscDisplayCustomizeController/Steepness/
15:34:16 Updating base class ->RscStandardDisplay, by a3\ui_f\config.bin/RscDisplayControlSchemes/
15:34:16 Updating base class ButtonOK->RscButtonMenuCancel, by a3\ui_f\config.bin/RscDisplayControlSchemes/controls/ButtonCancel/
15:34:16 Updating base class RscButton->RscButtonMenuOK, by a3\ui_f\config.bin/RscDisplayControlSchemes/controls/ButtonOK/
15:34:17 Updating base class RscPicture->RscPictureKeepAspect, by a3\ui_f\config.bin/RscDisplayFileSelectImage/controls/OverviewPicture/
15:34:17 Updating base class RscShortcutButton->RscButtonMenuCancel, by a3\ui_f\config.bin/RscDisplayFieldManual/controls/ButtonCancel/
15:34:17 Cannot delete class B_KickOff, it is referenced somewhere (used as a base class probably).
15:34:17 Updating base class RscButton->RscButtonMenuCancel, by a3\ui_f\config.bin/RscDisplayPublishMission/controls/ButtonCancel/
15:34:17 Updating base class RscShortcutButton->RscButtonMenuOK, by a3\ui_f\config.bin/RscDisplayPublishMissionSelectTags/controls/ButtonOK/
15:34:17 Updating base class ButtonOK->RscButtonMenuCancel, by a3\ui_f\config.bin/RscDisplayPublishMissionSelectTags/controls/ButtonCancel/
15:34:17 Updating base class ->RscSubmenu, by a3\ui_f\config.bin/RscMainMenu/
15:34:17 Cannot update non class from class a3\ui_f\config.bin/RscCallSupport/Items/
15:34:17 Cannot update non class from class a3\ui_f\config.bin/RscRadio/Items/
15:34:17 Updating base class ->DistanceClose, by a3\ui_f\config.bin/CfgSimpleTasks/Icon3D/DistanceMid/
15:34:17 Updating base class ->DistanceClose, by a3\ui_f\config.bin/CfgSimpleTasks/Icon3D/DistanceLong/
15:34:17 Updating base class ->BlendAnims, by a3\soft_f_kart\kart_01\config.bin/CfgMovesMaleSdr/BlendAnims/
15:34:17 Updating base class RscText->ctrlStaticBackgroundDisable, by a3\3den\config.bin/RscDisplayOptionsAudio/ControlsBackground/BackgroundDisable/
15:34:17 Updating base class RscText->ctrlStaticBackgroundDisableTiles, by a3\3den\config.bin/RscDisplayOptionsAudio/ControlsBackground/BackgroundDisableTiles/
15:34:17 Updating base class RscText->ctrlStaticBackgroundDisable, by a3\3den\config.bin/RscDisplayConfigure/ControlsBackground/BackgroundDisable/
15:34:17 Updating base class RscText->ctrlStaticBackgroundDisableTiles, by a3\3den\config.bin/RscDisplayConfigure/ControlsBackground/BackgroundDisableTiles/
15:34:17 Updating base class RscText->ctrlStaticBackgroundDisable, by a3\3den\config.bin/RscDisplayConfigureAction/ControlsBackground/BackgroundDisable/
15:34:17 Updating base class RscText->ctrlStaticBackgroundDisableTiles, by a3\3den\config.bin/RscDisplayConfigureAction/ControlsBackground/BackgroundDisableTiles/
15:34:17 Updating base class RscText->ctrlStaticBackgroundDisable, by a3\3den\config.bin/RscDisplayConfigureControllers/ControlsBackground/BackgroundDisable/
15:34:17 Updating base class RscText->ctrlStaticBackgroundDisableTiles, by a3\3den\config.bin/RscDisplayConfigureControllers/ControlsBackground/BackgroundDisableTiles/
15:34:17 Updating base class RscText->ctrlStaticBackgroundDisable, by a3\3den\config.bin/RscDisplayGameOptions/ControlsBackground/BackgroundDisable/
15:34:17 Updating base class RscText->ctrlStaticBackgroundDisableTiles, by a3\3den\config.bin/RscDisplayGameOptions/ControlsBackground/BackgroundDisableTiles/
15:34:17 Updating base class controls->, by a3\3den\config.bin/RscDisplayArcadeMap_Layout_2/Controls/
15:34:17 Updating base class controls->, by a3\3den\config.bin/RscDisplayArcadeMap_Layout_6/Controls/
15:34:17 Initializing Steam Manager
15:34:17 Starting initial content check.
15:34:17 Steam Manager initialized.
15:34:17 
15:34:17 ==== Loaded addons ====
15:34:17 
15:34:17 dta\bin.pbo - 139586
15:34:17 dta\core.pbo - 108474
15:34:17 dta\languagecore_f.pbo - 108412
15:34:17 C:\Program Files (x86)\Steam\steamapps\common\Arma 3\expansion\addons\air_f_exp.ebo - 107468
15:34:17 C:\Program Files (x86)\Steam\steamapps\common\Arma 3\expansion\addons\anims_f_exp.ebo - 107365
15:34:17 C:\Program Files (x86)\Steam\steamapps\common\Arma 3\expansion\addons\armor_f_exp.ebo - 107282
15:34:17 C:\Program Files (x86)\Steam\steamapps\common\Arma 3\expansion\addons\boat_f_exp.ebo - 107282
15:34:17 C:\Program Files (x86)\Steam\steamapps\common\Arma 3\expansion\addons\cargoposes_f_exp.ebo - 107282
15:34:17 C:\Program Files (x86)\Steam\steamapps\common\Arma 3\expansion\addons\characters_f_exp.ebo - 108363
15:34:17 C:\Program Files (x86)\Steam\steamapps\common\Arma 3\expansion\addons\data_f_exp.ebo - 108301
15:34:17 C:\Program Files (x86)\Steam\steamapps\common\Arma 3\expansion\addons\dubbing_f_exp.ebo - 107941
15:34:17 C:\Program Files (x86)\Steam\steamapps\common\Arma 3\expansion\addons\dubbing_radio_f_exp.ebo - 107282
15:34:17 C:\Program Files (x86)\Steam\steamapps\common\Arma 3\expansion\addons\dubbing_radio_f_exp_data_chi.ebo - 107282
15:34:17 C:\Program Files (x86)\Steam\steamapps\common\Arma 3\expansion\addons\dubbing_radio_f_exp_data_engfre.ebo - 107282
15:34:17 C:\Program Files (x86)\Steam\steamapps\common\Arma 3\expansion\addons\dubbing_radio_f_exp_data_fre.ebo - 107282
15:34:17 C:\Program Files (x86)\Steam\steamapps\common\Arma 3\expansion\addons\editorpreviews_f_exp.ebo - 107282
15:34:17 C:\Program Files (x86)\Steam\steamapps\common\Arma 3\expansion\addons\functions_f_exp.ebo - 107286
15:34:17 C:\Program Files (x86)\Steam\steamapps\common\Arma 3\expansion\addons\languagemissions_f_exp.ebo - 108412
15:34:17 C:\Program Files (x86)\Steam\steamapps\common\Arma 3\expansion\addons\language_f_exp.ebo - 108412
15:34:17 C:\Program Files (x86)\Steam\steamapps\common\Arma 3\expansion\addons\missions_f_exp.ebo - 108540
15:34:17 C:\Program Files (x86)\Steam\steamapps\common\Arma 3\expansion\addons\missions_f_exp_data.ebo - 107312
15:34:17 C:\Program Files (x86)\Steam\steamapps\common\Arma 3\expansion\addons\missions_f_exp_video.ebo - 107312
15:34:17 C:\Program Files (x86)\Steam\steamapps\common\Arma 3\expansion\addons\modules_f_exp.ebo - 107313
15:34:17 C:\Program Files (x86)\Steam\steamapps\common\Arma 3\expansion\addons\music_f_exp.ebo - 107313
15:34:17 C:\Program Files (x86)\Steam\steamapps\common\Arma 3\expansion\addons\music_f_exp_music.ebo - 107313
15:34:17 C:\Program Files (x86)\Steam\steamapps\common\Arma 3\expansion\addons\props_f_exp.ebo - 107345
15:34:17 C:\Program Files (x86)\Steam\steamapps\common\Arma 3\expansion\addons\soft_f_exp.ebo - 107317
15:34:17 C:\Program Files (x86)\Steam\steamapps\common\Arma 3\expansion\addons\sounds_f_exp.ebo - 108279
15:34:17 C:\Program Files (x86)\Steam\steamapps\common\Arma 3\expansion\addons\static_f_exp.ebo - 107319
15:34:17 C:\Program Files (x86)\Steam\steamapps\common\Arma 3\expansion\addons\supplies_f_exp.ebo - 107340
15:34:17 C:\Program Files (x86)\Steam\steamapps\common\Arma 3\expansion\addons\ui_f_exp.ebo - 107323
15:34:17 C:\Program Files (x86)\Steam\steamapps\common\Arma 3\expansion\addons\weapons_f_exp.ebo - 108316
15:34:17 C:\Program Files (x86)\Steam\steamapps\common\Arma 3\mark\addons\anims_f_mark.pbo - 107808
15:34:17 C:\Program Files (x86)\Steam\steamapps\common\Arma 3\mark\addons\characters_f_mark.pbo - 107709
15:34:17 C:\Program Files (x86)\Steam\steamapps\common\Arma 3\mark\addons\data_f_mark.pbo - 107282
15:34:17 C:\Program Files (x86)\Steam\steamapps\common\Arma 3\mark\addons\dubbing_f_mark.pbo - 107282
15:34:17 C:\Program Files (x86)\Steam\steamapps\common\Arma 3\mark\addons\dubbing_f_mp_mark.pbo - 107282
15:34:17 C:\Program Files (x86)\Steam\steamapps\common\Arma 3\mark\addons\functions_f_mark.pbo - 107941
15:34:17 C:\Program Files (x86)\Steam\steamapps\common\Arma 3\mark\addons\functions_f_mp_mark.pbo - 107463
15:34:17 C:\Program Files (x86)\Steam\steamapps\common\Arma 3\mark\addons\languagemissions_f_mark.pbo - 108412
15:34:17 C:\Program Files (x86)\Steam\steamapps\common\Arma 3\mark\addons\languagemissions_f_mp_mark.pbo - 108412
15:34:17 C:\Program Files (x86)\Steam\steamapps\common\Arma 3\mark\addons\language_f_mark.pbo - 108412
15:34:17 C:\Program Files (x86)\Steam\steamapps\common\Arma 3\mark\addons\language_f_mp_mark.pbo - 108412
15:34:17 C:\Program Files (x86)\Steam\steamapps\common\Arma 3\mark\addons\missions_f_mark.pbo - 108474
15:34:17 C:\Program Files (x86)\Steam\steamapps\common\Arma 3\mark\addons\missions_f_mark_data.pbo - 107313
15:34:17 C:\Program Files (x86)\Steam\steamapps\common\Arma 3\mark\addons\missions_f_mark_video.pbo - 107313
15:34:17 C:\Program Files (x86)\Steam\steamapps\common\Arma 3\mark\addons\missions_f_mp_mark.pbo - 107336
15:34:17 C:\Program Files (x86)\Steam\steamapps\common\Arma 3\mark\addons\missions_f_mp_mark_data.pbo - 107313
15:34:17 C:\Program Files (x86)\Steam\steamapps\common\Arma 3\mark\addons\modules_f_mark.pbo - 107313
15:34:17 C:\Program Files (x86)\Steam\steamapps\common\Arma 3\mark\addons\modules_f_mp_mark.pbo - 107313
15:34:17 C:\Program Files (x86)\Steam\steamapps\common\Arma 3\mark\addons\music_f_mark.pbo - 107313
15:34:17 C:\Program Files (x86)\Steam\steamapps\common\Arma 3\mark\addons\music_f_mark_music.pbo - 107313
15:34:17 C:\Program Files (x86)\Steam\steamapps\common\Arma 3\mark\addons\sounds_f_mark.pbo - 107319
15:34:17 C:\Program Files (x86)\Steam\steamapps\common\Arma 3\mark\addons\static_f_mark.pbo - 107319
15:34:17 C:\Program Files (x86)\Steam\steamapps\common\Arma 3\mark\addons\structures_f_mark.pbo - 107742
15:34:17 C:\Program Files (x86)\Steam\steamapps\common\Arma 3\mark\addons\supplies_f_mark.pbo - 107320
15:34:17 C:\Program Files (x86)\Steam\steamapps\common\Arma 3\mark\addons\ui_f_mark.pbo - 107323
15:34:17 C:\Program Files (x86)\Steam\steamapps\common\Arma 3\mark\addons\ui_f_mp_mark.pbo - 107323
15:34:17 C:\Program Files (x86)\Steam\steamapps\common\Arma 3\mark\addons\weapons_f_mark.pbo - 107324
15:34:17 C:\Program Files (x86)\Steam\steamapps\common\Arma 3\heli\addons\air_f_heli.pbo - 107282
15:34:17 C:\Program Files (x86)\Steam\steamapps\common\Arma 3\heli\addons\anims_f_heli.pbo - 107282
15:34:17 C:\Program Files (x86)\Steam\steamapps\common\Arma 3\heli\addons\boat_f_heli.pbo - 107282
15:34:17 C:\Program Files (x86)\Steam\steamapps\common\Arma 3\heli\addons\cargoposes_f_heli.pbo - 107282
15:34:17 C:\Program Files (x86)\Steam\steamapps\common\Arma 3\heli\addons\data_f_heli.pbo - 107282
15:34:17 C:\Program Files (x86)\Steam\steamapps\common\Arma 3\heli\addons\dubbing_f_heli.pbo - 107282
15:34:17 C:\Program Files (x86)\Steam\steamapps\common\Arma 3\heli\addons\functions_f_heli.pbo - 108304
15:34:17 C:\Program Files (x86)\Steam\steamapps\common\Arma 3\heli\addons\languagemissions_f_heli.pbo - 108412
15:34:17 C:\Program Files (x86)\Steam\steamapps\common\Arma 3\heli\addons\language_f_heli.pbo - 108412
15:34:17 C:\Program Files (x86)\Steam\steamapps\common\Arma 3\heli\addons\missions_f_heli.pbo - 108304
15:34:17 C:\Program Files (x86)\Steam\steamapps\common\Arma 3\heli\addons\missions_f_heli_data.pbo - 107312
15:34:17 C:\Program Files (x86)\Steam\steamapps\common\Arma 3\heli\addons\missions_f_heli_video.pbo - 107312
15:34:17 C:\Program Files (x86)\Steam\steamapps\common\Arma 3\heli\addons\modules_f_heli.pbo - 107386
15:34:17 C:\Program Files (x86)\Steam\steamapps\common\Arma 3\heli\addons\music_f_heli.pbo - 107313
15:34:17 C:\Program Files (x86)\Steam\steamapps\common\Arma 3\heli\addons\music_f_heli_music.pbo - 107313
15:34:17 C:\Program Files (x86)\Steam\steamapps\common\Arma 3\heli\addons\soft_f_heli.pbo - 107319
15:34:17 C:\Program Files (x86)\Steam\steamapps\common\Arma 3\heli\addons\sounds_f_heli.pbo - 107319
15:34:17 C:\Program Files (x86)\Steam\steamapps\common\Arma 3\heli\addons\structures_f_heli.pbo - 107302
15:34:17 C:\Program Files (x86)\Steam\steamapps\common\Arma 3\heli\addons\supplies_f_heli.pbo - 107319
15:34:17 C:\Program Files (x86)\Steam\steamapps\common\Arma 3\heli\addons\ui_f_heli.pbo - 107323
15:34:17 C:\Program Files (x86)\Steam\steamapps\common\Arma 3\kart\addons\anims_f_kart.pbo - 107282
15:34:17 C:\Program Files (x86)\Steam\steamapps\common\Arma 3\kart\addons\characters_f_kart.pbo - 107282
15:34:17 C:\Program Files (x86)\Steam\steamapps\common\Arma 3\kart\addons\data_f_kart.pbo - 107282
15:34:17 C:\Program Files (x86)\Steam\steamapps\common\Arma 3\kart\addons\languagemissions_f_kart.pbo - 108412
15:34:17 C:\Program Files (x86)\Steam\steamapps\common\Arma 3\kart\addons\language_f_kart.pbo - 108412
15:34:17 C:\Program Files (x86)\Steam\steamapps\common\Arma 3\kart\addons\missions_f_kart.pbo - 107312
15:34:17 C:\Program Files (x86)\Steam\steamapps\common\Arma 3\kart\addons\missions_f_kart_data.pbo - 107313
15:34:17 C:\Program Files (x86)\Steam\steamapps\common\Arma 3\kart\addons\modules_f_kart.pbo - 107824
15:34:17 C:\Program Files (x86)\Steam\steamapps\common\Arma 3\kart\addons\modules_f_kart_data.pbo - 107725
15:34:17 C:\Program Files (x86)\Steam\steamapps\common\Arma 3\kart\addons\soft_f_kart.pbo - 107319
15:34:17 C:\Program Files (x86)\Steam\steamapps\common\Arma 3\kart\addons\sounds_f_kart.pbo - 107319
15:34:17 C:\Program Files (x86)\Steam\steamapps\common\Arma 3\kart\addons\structures_f_kart.pbo - 107301
15:34:17 C:\Program Files (x86)\Steam\steamapps\common\Arma 3\kart\addons\ui_f_kart.pbo - 107323
15:34:17 C:\Program Files (x86)\Steam\steamapps\common\Arma 3\kart\addons\weapons_f_kart.pbo - 107323
15:34:17 C:\Program Files (x86)\Steam\steamapps\common\Arma 3\curator\addons\data_f_curator.pbo - 107282
15:34:17 C:\Program Files (x86)\Steam\steamapps\common\Arma 3\curator\addons\data_f_curator_music.pbo - 107282
15:34:17 C:\Program Files (x86)\Steam\steamapps\common\Arma 3\curator\addons\functions_f_curator.pbo - 107463
15:34:17 C:\Program Files (x86)\Steam\steamapps\common\Arma 3\curator\addons\language_f_curator.pbo - 108412
15:34:17 C:\Program Files (x86)\Steam\steamapps\common\Arma 3\curator\addons\missions_f_curator.pbo - 108031
15:34:17 C:\Program Files (x86)\Steam\steamapps\common\Arma 3\curator\addons\modules_f_curator.pbo - 107711
15:34:17 C:\Program Files (x86)\Steam\steamapps\common\Arma 3\curator\addons\ui_f_curator.pbo - 108279
15:34:17 addons\3den.pbo - 108458
15:34:17 addons\3den_language.pbo - 108412
15:34:17 addons\a3.pbo - unknown
15:34:17 addons\air_f.pbo - 107282
15:34:17 addons\air_f_beta.pbo - 108458
15:34:17 addons\air_f_epb.pbo - 107282
15:34:17 addons\air_f_epc.pbo - 103749
15:34:17 addons\air_f_gamma.pbo - 103749
15:34:17 addons\animals_f.pbo - 107282
15:34:17 addons\animals_f_beta.pbo - 107282
15:34:17 addons\anims_f.pbo - 108093
15:34:17 addons\anims_f_bootcamp.pbo - 107282
15:34:17 addons\anims_f_data.pbo - 107355
15:34:17 addons\anims_f_epa.pbo - 107809
15:34:17 addons\anims_f_epc.pbo - 107809
15:34:17 addons\anims_f_exp_a.pbo - 107376
15:34:17 addons\armor_f.pbo - 107282
15:34:17 addons\armor_f_beta.pbo - 107282
15:34:17 addons\armor_f_epb.pbo - 107282
15:34:17 addons\armor_f_epc.pbo - 107282
15:34:17 addons\armor_f_gamma.pbo - 107282
15:34:17 addons\baseconfig_f.pbo - 107282
15:34:17 addons\boat_f.pbo - 107282
15:34:17 addons\boat_f_beta.pbo - 107282
15:34:17 addons\boat_f_epc.pbo - 107282
15:34:17 addons\boat_f_gamma.pbo - 107282
15:34:17 addons\cargoposes_f.pbo - 108093
15:34:17 addons\characters_f.pbo - 107558
15:34:17 addons\characters_f_beta.pbo - 107282
15:34:17 addons\characters_f_bootcamp.pbo - 107282
15:34:17 addons\characters_f_epa.pbo - 107282
15:34:17 addons\characters_f_epb.pbo - 107282
15:34:17 addons\characters_f_epc.pbo - 107282
15:34:17 addons\characters_f_gamma.pbo - 107282
15:34:17 addons\data_f.pbo - 107354
15:34:17 addons\data_f_bootcamp.pbo - 107382
15:34:17 addons\data_f_exp_a.pbo - 107282
15:34:17 addons\data_f_exp_b.pbo - 107282
15:34:17 addons\drones_f.pbo - 107282
15:34:17 addons\dubbing_f.pbo - 107282
15:34:17 addons\dubbing_f_beta.pbo - 107941
15:34:17 addons\dubbing_f_bootcamp.pbo - 107282
15:34:17 addons\dubbing_f_epa.pbo - 107290
15:34:17 addons\dubbing_f_epb.pbo - 107290
15:34:17 addons\dubbing_f_epc.pbo - 107282
15:34:17 addons\dubbing_f_gamma.pbo - 107458
15:34:17 addons\dubbing_radio_f.pbo - 107282
15:34:17 addons\dubbing_radio_f_data_eng.pbo - 99078
15:34:17 addons\dubbing_radio_f_data_engb.pbo - 99078
15:34:17 addons\dubbing_radio_f_data_gre.pbo - 99078
15:34:17 addons\dubbing_radio_f_data_per.pbo - 99078
15:34:17 addons\dubbing_radio_f_data_vr.pbo - 99078
15:34:17 addons\editorpreviews_f.pbo - 107285
15:34:17 addons\editor_f.pbo - 107285
15:34:17 addons\functions_f.pbo - 108329
15:34:17 addons\functions_f_bootcamp.pbo - 107941
15:34:17 addons\functions_f_epa.pbo - 107287
15:34:17 addons\functions_f_epc.pbo - 107287
15:34:17 addons\functions_f_exp_a.pbo - 107985
15:34:17 addons\languagemissions_f.pbo - 108412
15:34:17 addons\languagemissions_f_beta.pbo - 108412
15:34:17 addons\languagemissions_f_bootcamp.pbo - 108412
15:34:17 addons\languagemissions_f_epa.pbo - 108412
15:34:17 addons\languagemissions_f_epb.pbo - 108412
15:34:17 addons\languagemissions_f_epc.pbo - 108412
15:34:17 addons\languagemissions_f_exp_a.pbo - 108412
15:34:17 addons\languagemissions_f_gamma.pbo - 108412
15:34:17 addons\language_f.pbo - 108423
15:34:17 addons\language_f_beta.pbo - 108412
15:34:17 addons\language_f_bootcamp.pbo - 108412
15:34:17 addons\language_f_epa.pbo - 108412
15:34:17 addons\language_f_epb.pbo - 108412
15:34:17 addons\language_f_epc.pbo - 108412
15:34:17 addons\language_f_exp_a.pbo - 108412
15:34:17 addons\language_f_exp_b.pbo - 108412
15:34:17 addons\language_f_gamma.pbo - 108412
15:34:17 addons\map_altis.pbo - 107512
15:34:17 addons\map_altis_data.pbo - 107292
15:34:17 addons\map_altis_data_layers.pbo - 99901
15:34:17 addons\map_altis_data_layers_00_00.pbo - 99901
15:34:17 addons\map_altis_data_layers_00_01.pbo - 99901
15:34:17 addons\map_altis_data_layers_01_00.pbo - 99901
15:34:17 addons\map_altis_data_layers_01_01.pbo - 99901
15:34:17 addons\map_altis_scenes_f.pbo - 107292
15:34:17 addons\map_data.pbo - 107292
15:34:17 addons\map_stratis.pbo - 107508
15:34:17 addons\map_stratis_data.pbo - 107294
15:34:17 addons\map_stratis_data_layers.pbo - 99082
15:34:17 addons\map_stratis_scenes_f.pbo - 107294
15:34:17 addons\map_vr.pbo - 105264
15:34:17 addons\map_vr_scenes_f.pbo - 107298
15:34:17 addons\misc_f.pbo - 107296
15:34:17 addons\missions_f.pbo - 107769
15:34:17 addons\missions_f_beta.pbo - 107694
15:34:17 addons\missions_f_beta_data.pbo - 107310
15:34:17 addons\missions_f_beta_video.pbo - 107310
15:34:17 addons\missions_f_bootcamp.pbo - 107941
15:34:17 addons\missions_f_bootcamp_data.pbo - 107310
15:34:17 addons\missions_f_bootcamp_video.pbo - 107310
15:34:17 addons\missions_f_data.pbo - 107310
15:34:17 addons\missions_f_epa.pbo - 108279
15:34:17 addons\missions_f_epa_data.pbo - 107312
15:34:17 addons\missions_f_epa_video.pbo - 107312
15:34:17 addons\missions_f_epb.pbo - 107312
15:34:17 addons\missions_f_epc.pbo - 107312
15:34:17 addons\missions_f_exp_a.pbo - 107336
15:34:17 addons\missions_f_exp_a_data.pbo - 107312
15:34:17 addons\missions_f_gamma.pbo - 108551
15:34:17 addons\missions_f_gamma_data.pbo - 107312
15:34:17 addons\missions_f_gamma_video.pbo - 107312
15:34:17 addons\missions_f_video.pbo - 107313
15:34:17 addons\modules_f.pbo - 108152
15:34:17 addons\modules_f_beta.pbo - 107313
15:34:17 addons\modules_f_beta_data.pbo - 107313
15:34:17 addons\modules_f_bootcamp.pbo - 107313
15:34:17 addons\modules_f_data.pbo - 107485
15:34:17 addons\modules_f_epb.pbo - 107313
15:34:17 addons\modules_f_exp_a.pbo - 107313
15:34:17 addons\music_f.pbo - 107313
15:34:17 addons\music_f_bootcamp.pbo - 107313
15:34:17 addons\music_f_bootcamp_music.pbo - 107313
15:34:17 addons\music_f_epa.pbo - 107313
15:34:17 addons\music_f_epa_music.pbo - 107313
15:34:17 addons\music_f_epb.pbo - 107313
15:34:17 addons\music_f_epb_music.pbo - 107313
15:34:17 addons\music_f_epc.pbo - 107313
15:34:17 addons\music_f_epc_music.pbo - 107313
15:34:17 addons\music_f_music.pbo - 107313
15:34:17 addons\plants_f.pbo - 107313
15:34:17 addons\props_f_exp_a.pbo - 107314
15:34:17 addons\roads_f.pbo - 107314
15:34:17 addons\rocks_f.pbo - 107314
15:34:17 addons\signs_f.pbo - 107315
15:34:17 addons\soft_f.pbo - 107315
15:34:17 addons\soft_f_beta.pbo - 108019
15:34:17 addons\soft_f_bootcamp.pbo - 107316
15:34:17 addons\soft_f_epc.pbo - 107316
15:34:17 addons\soft_f_gamma.pbo - 108108
15:34:17 addons\sounds_f.pbo - 108279
15:34:17 addons\sounds_f_arsenal.pbo - 108392
15:34:17 addons\sounds_f_bootcamp.pbo - 107319
15:34:17 addons\sounds_f_characters.pbo - 108111
15:34:17 addons\sounds_f_environment.pbo - 107319
15:34:17 addons\sounds_f_epb.pbo - 107319
15:34:17 addons\sounds_f_epc.pbo - 107319
15:34:17 addons\sounds_f_exp_a.pbo - 107319
15:34:17 addons\sounds_f_sfx.pbo - 108279
15:34:17 addons\sounds_f_vehicles.pbo - 107319
15:34:17 addons\static_f.pbo - 107319
15:34:17 addons\static_f_beta.pbo - 107319
15:34:17 addons\static_f_gamma.pbo - 108113
15:34:17 addons\structures_f.pbo - 108826
15:34:17 addons\structures_f_bootcamp.pbo - 107306
15:34:17 addons\structures_f_data.pbo - 107788
15:34:17 addons\structures_f_epa.pbo - 107742
15:34:17 addons\structures_f_epb.pbo - 107725
15:34:17 addons\structures_f_epc.pbo - 107725
15:34:17 addons\structures_f_exp_a.pbo - 107301
15:34:17 addons\structures_f_households.pbo - 107946
15:34:17 addons\structures_f_ind.pbo - 107760
15:34:17 addons\structures_f_mil.pbo - 108280
15:34:17 addons\structures_f_wrecks.pbo - 107301
15:34:17 addons\uifonts_f.pbo - 107323
15:34:17 addons\uifonts_f_data.pbo - 107323
15:34:17 addons\ui_f.pbo - 108456
15:34:17 addons\ui_f_bootcamp.pbo - 107323
15:34:17 addons\ui_f_data.pbo - 108279
15:34:17 addons\ui_f_exp_a.pbo - 107323
15:34:17 addons\weapons_f.pbo - 108316
15:34:17 addons\weapons_f_beta.pbo - 108113
15:34:17 addons\weapons_f_bootcamp.pbo - 107323
15:34:17 addons\weapons_f_epa.pbo - 107323
15:34:17 addons\weapons_f_epb.pbo - 107323
15:34:17 addons\weapons_f_epc.pbo - 107323
15:34:17 addons\weapons_f_gamma.pbo - 107323
15:34:17 
15:34:17 =======================
15:34:17 
15:34:17 ============================================================================================= List of mods ===============================================================================================
15:34:17 modsReadOnly = true
15:34:17 safeModsActivated = false
15:34:17 customMods = false
15:34:17 hash = 'D93DE5BD24792AB15B3A04DCC91B29D1380286E4'
15:34:17 hashShort = '5a6cfe8f'
15:34:17                                               name |               modDir |    default |               origin |                                     hash | hashShort | fullPath
15:34:17 ----------------------------------------------------------------------------------------------------------------------------------------------------------------------------------------------------------
15:34:17                                  Arma 3 DLC Bundle |            dlcbundle |       true |            NOT FOUND |                                          |           | 
15:34:17                                        Arma 3 Apex |            expansion |       true |             GAME DIR | 62a8df57d1c05aadd4ae4b945af464e50e755934 |  4052a5f5 | C:\Program Files (x86)\Steam\steamapps\common\Arma 3\expansion
15:34:17                                    Arma 3 Marksmen |                 mark |       true |             GAME DIR | 070a25b0c94ce6bac7ee2716d5519df5d18640e5 |  dc55921a | C:\Program Files (x86)\Steam\steamapps\common\Arma 3\mark
15:34:17                                 Arma 3 Helicopters |                 heli |       true |             GAME DIR | 368657c17b2949231f0a50a3a75a47099b6194ee |  51d56af1 | C:\Program Files (x86)\Steam\steamapps\common\Arma 3\heli
15:34:17                                       Arma 3 Karts |                 kart |       true |             GAME DIR | 0fdd3f34eb90ec10fc788fb75fec1ba986fd9c64 |  ea799fa8 | C:\Program Files (x86)\Steam\steamapps\common\Arma 3\kart
15:34:17                                        Arma 3 Zeus |              curator |       true |             GAME DIR | 0a87ff93d6420302c608d6e8e7748e73dba96cc7 |  ffb4829e | C:\Program Files (x86)\Steam\steamapps\common\Arma 3\curator
15:34:17                                             Arma 3 |                   A3 |       true |            NOT FOUND |                                          |           | 
15:34:17 ==========================================================================================================================================================================================================
15:34:17 DX11 - Initializing DX11 engine.
15:34:18 DX11 - Using DXGI adapter 0 (detected in config).
15:34:18 DX11 - Using DXGI adapter 0.
15:34:18     - adapter description : NVIDIA GeForce GTX 650
15:34:18     - adapter vendor ID : 4318
15:34:18     - adapter device ID : 4038
15:34:18     - adapter subsys ID : 909907032
15:34:18     - adapter revision  : 161
15:34:18     - dedicated video memory : 3221225472
15:34:18     - dedicated system memory : 0
15:34:18     - shared system memory : 1073676288
15:34:18 InitSound ...
15:34:18 InitSound - complete
15:34:19 Detected Joystick: Logitech Force 3D Pro
15:34:19     0 ... Stick X Eje [1,30]
15:34:19     1 ... Stick Y Eje [1,31]
15:34:19     5 ... Stick Z Girar [1,35]
15:34:19     6 ... Deslizador Stick 1 [1,36]
15:34:20 PhysX3 SDK Init started ...
15:34:20 PhysX3 SDK Init ended.
15:34:21 Attempt to override final function - rscminimap_script
15:34:21 Attempt to override final function - rscdisplayloading_script
15:34:21 Attempt to override final function - rscdisplayloading_script
15:34:21 Attempt to override final function - rscdisplayloading_script
15:34:21 Attempt to override final function - rscdiary_script
15:34:21 Attempt to override final function - rscdiary_script
15:34:21 Attempt to override final function - rscdisplayremotemissions_script
15:34:21 Attempt to override final function - rscdisplayloading_script
15:34:21 Attempt to override final function - rscdiary_script
15:34:21 Attempt to override final function - rscdiary_script
15:34:21 Attempt to override final function - rscdisplaystrategicmap_script
15:34:21 Attempt to override final function - rscdisplaycommon_script
15:34:21 Attempt to override final function - rscdisplaygarage_script
15:34:21 Attempt to override final function - rscdisplayhostsettings_script
15:34:21 Attempt to override final function - rscdisplayloading_script
15:34:22 Attempt to override final function - rscdisplaycurator_script
15:34:22 Attempt to override final function - display3deneditcomposition_script
15:34:22 Attempt to override final function - display3deneditattributes_script
15:34:22 Attempt to override final function - display3deneditattributes_script
15:34:22 Attempt to override final function - rscdisplayhostsettings_script
15:34:22 Attempt to override final function - rscdisplaycommon_script
15:34:22 Attempt to override final function - rscdisplaydebriefing_script
15:34:22 Attempt to override final function - rscunitinfo_script
15:34:22 Attempt to override final function - rscunitinfo_script
15:34:22 Attempt to override final function - rscunitinfo_script
15:34:22 Attempt to override final function - rscunitinfo_script
15:34:22 Attempt to override final function - rscunitinfo_script
15:34:22 Attempt to override final function - rscunitinfo_script
15:34:22 Attempt to override final function - rscunitinfo_script
15:34:22 Attempt to override final function - rscunitinfo_script
15:34:22 Attempt to override final function - rscunitinfo_script
15:34:22 Attempt to override final function - rscunitinfo_script
15:34:22 Attempt to override final function - rscunitinfo_script
15:34:22 Attempt to override final function - rscunitinfo_script
15:34:22 Attempt to override final function - rscunitinfo_script
15:34:22 Attempt to override final function - rscunitinfo_script
15:34:22 Attempt to override final function - rscunitinfo_script
15:34:22 Attempt to override final function - rscunitinfo_script
15:34:22 Attempt to override final function - rscunitinfo_script
15:34:22 Attempt to override final function - rscunitinfo_script
15:34:22 Attempt to override final function - rscunitinfo_script
15:34:22 Attempt to override final function - rscunitinfo_script
15:34:22 Attempt to override final function - rscunitinfo_script
15:34:22 Attempt to override final function - rscunitinfo_script
15:34:22 Attempt to override final function - rscunitinfo_script
15:34:22 Attempt to override final function - rscunitinfo_script
15:34:22 Attempt to override final function - rscunitinfo_script
15:34:22 Attempt to override final function - rscunitinfo_script
15:34:22 Attempt to override final function - rscunitinfo_script
15:34:22 Attempt to override final function - rscunitinfo_script
15:34:22 Attempt to override final function - rscunitinfo_script
15:34:22 Attempt to override final function - rscunitinfo_script
15:34:22 Attempt to override final function - rscunitinfo_script
15:34:22 Attempt to override final function - rscunitinfo_script
15:34:22 Attempt to override final function - rscunitinfo_script
15:34:22 Attempt to override final function - rscunitinfo_script
15:34:22 Attempt to override final function - rscunitinfo_script
15:34:22 Attempt to override final function - rscunitinfo_script
15:34:22 Attempt to override final function - rscunitinfo_script
15:34:22 Attempt to override final function - rscunitinfo_script
15:34:22 Attempt to override final function - rscunitinfo_script
15:34:22 Attempt to override final function - rscunitinfo_script
15:34:22 Attempt to override final function - rscunitinfo_script
15:34:22 Attempt to override final function - rscunitinfo_script
15:34:22 Attempt to override final function - rscunitinfo_script
15:34:22 Attempt to override final function - rscunitinfo_script
15:34:22 Attempt to override final function - rscunitinfo_script
15:34:22 Attempt to override final function - rscunitinfo_script
15:34:22 Attempt to override final function - rscunitinfo_script
15:34:22 Attempt to override final function - rscunitinfo_script
15:34:22 Attempt to override final function - rscunitinfo_script
15:34:22 Attempt to override final function - rscunitinfo_script
15:34:22 Attempt to override final function - rscunitinfo_script
15:34:22 Attempt to override final function - rscunitinfo_script
15:34:22 Attempt to override final function - rscunitinfo_script
15:34:22 Attempt to override final function - rscunitinfo_script
15:34:22 Attempt to override final function - rscunitinfo_script
15:34:22 Attempt to override final function - rscunitinfo_script
15:34:22 Attempt to override final function - rscunitinfo_script
15:34:22 Attempt to override final function - rscunitinfo_script
15:34:22 Attempt to override final function - rscunitinfo_script
15:34:22 Attempt to override final function - rscunitinfo_script
15:34:22 Attempt to override final function - rscunitinfo_script
15:34:23 SimulWeather - Cloud Renderer - noise texture file is not specified!
15:34:28 Loading movesType CfgGesturesMale
15:34:28 Creating action map cache
15:34:28 MovesType CfgGesturesMale load time 51 ms
15:34:28 Loading movesType CfgMovesMaleSdr
15:34:28 Reading cached action map data
15:34:30 MovesType CfgMovesMaleSdr load time 2126 ms
15:34:30 Starting mission:
15:34:30  Mission file: introExp
15:34:30  Mission world: Stratis
15:34:30  Mission directory: a3\map_stratis_scenes_f\scenes\introExp.Stratis\
15:34:31 No more slot to add connection at 033057 (3386.8,5735.4)
15:34:31 Strange convex component65 in a3\rocks_f\sharp\sharprock_wallh.p3d:geometryFire
15:34:31 Strange convex component06 in a3\rocks_f\sharp\sharprock_monolith.p3d:geometryFire
15:34:31 Strange convex component18 in a3\rocks_f\sharp\sharprock_monolith.p3d:geometryFire
15:34:31 Strange convex component30 in a3\rocks_f\sharp\sharprock_monolith.p3d:geometryFire
15:34:31 Strange convex component31 in a3\rocks_f\sharp\sharprock_monolith.p3d:geometryFire
15:34:31 Strange convex component32 in a3\rocks_f\sharp\sharprock_monolith.p3d:geometryFire
15:34:31 Strange convex component42 in a3\rocks_f\sharp\sharprock_monolith.p3d:geometryFire
15:34:31 Strange convex component43 in a3\rocks_f\sharp\sharprock_monolith.p3d:geometryFire
15:34:31 Strange convex component44 in a3\rocks_f\sharp\sharprock_monolith.p3d:geometryFire
15:34:31 Strange convex component46 in a3\rocks_f\sharp\sharprock_monolith.p3d:geometryFire
15:34:31 Strange convex component58 in a3\rocks_f\sharp\sharprock_monolith.p3d:geometryFire
15:34:31 Strange convex component64 in a3\rocks_f\sharp\sharprock_monolith.p3d:geometryFire
15:34:31 Strange convex component76 in a3\rocks_f\sharp\sharprock_monolith.p3d:geometryFire
15:34:31 Strange convex component98 in a3\rocks_f\sharp\sharprock_monolith.p3d:geometryFire
15:34:31 Strange convex component100 in a3\rocks_f\sharp\sharprock_monolith.p3d:geometryFire
15:34:31 Strange convex component132 in a3\rocks_f\sharp\sharprock_monolith.p3d:geometryFire
15:34:31 Strange convex component145 in a3\rocks_f\sharp\sharprock_monolith.p3d:geometryFire
15:34:31 Strange convex component149 in a3\rocks_f\sharp\sharprock_monolith.p3d:geometryFire
15:34:31 Strange convex component151 in a3\rocks_f\sharp\sharprock_monolith.p3d:geometryFire
15:34:31 Strange convex component167 in a3\rocks_f\sharp\sharprock_monolith.p3d:geometryFire
15:34:31 Strange convex component198 in a3\rocks_f\sharp\sharprock_monolith.p3d:geometryFire
15:34:31 Strange convex component244 in a3\rocks_f\sharp\sharprock_monolith.p3d:geometryFire
15:34:31 Strange convex component304 in a3\rocks_f\sharp\sharprock_monolith.p3d:geometryFire
15:34:31 Strange convex component310 in a3\rocks_f\sharp\sharprock_monolith.p3d:geometryFire
15:34:31 Strange convex component337 in a3\rocks_f\sharp\sharprock_monolith.p3d:geometryFire
15:34:31 Strange convex component353 in a3\rocks_f\sharp\sharprock_monolith.p3d:geometryFire
15:34:31 Strange convex component378 in a3\rocks_f\sharp\sharprock_monolith.p3d:geometryFire
15:34:31 Strange convex component05 in a3\rocks_f\sharp\sharprock_spike.p3d:geometryFire
15:34:31 Strange convex component74 in a3\rocks_f\sharp\sharprock_spike.p3d:geometryFire
15:34:31 Strange convex component202 in a3\rocks_f\sharp\sharprock_spike.p3d:geometryFire
15:34:31 Strange convex component391 in a3\rocks_f\sharp\sharprock_spike.p3d:geometryFire
15:34:31 Strange convex component116 in a3\rocks_f\sharp\sharprock_apart.p3d:geometryFire
15:34:31 Strange convex component117 in a3\rocks_f\sharp\sharprock_apart.p3d:geometryFire
15:34:31 Strange convex component118 in a3\rocks_f\sharp\sharprock_apart.p3d:geometryFire
15:34:31 Strange convex component119 in a3\rocks_f\sharp\sharprock_apart.p3d:geometryFire
15:34:32 Attempt to override final function - bis_functions_list
15:34:32 Attempt to override final function - bis_functions_listpreinit
15:34:32 Attempt to override final function - bis_functions_listpostinit
15:34:32 Attempt to override final function - bis_functions_listrecompile
15:34:32 Attempt to override final function - bis_fnc_missiontaskslocal
15:34:32 Attempt to override final function - bis_fnc_missionconversationslocal
15:34:32 Attempt to override final function - bis_fnc_missionflow
15:34:32 Strange convex component145 in a3\plants_f\tree\t_pinuss2s_b_f.p3d:geometryView
15:34:32 Strange convex component149 in a3\plants_f\tree\t_pinuss2s_b_f.p3d:geometryView
15:34:32 Strange convex component01 in a3\rocks_f\sharp\sharprock_wallv.p3d:geometryFire
15:34:32 Strange convex component02 in a3\rocks_f\sharp\sharprock_wallv.p3d:geometryFire
15:34:32 Strange convex component13 in a3\rocks_f\sharp\sharprock_wallv.p3d:geometryFire
15:34:32 Strange convex component32 in a3\rocks_f\sharp\sharprock_wallv.p3d:geometryFire
15:34:32 Strange convex component33 in a3\rocks_f\sharp\sharprock_wallv.p3d:geometryFire
15:34:32 Strange convex component35 in a3\rocks_f\sharp\sharprock_wallv.p3d:geometryFire
15:34:32 Strange convex component37 in a3\rocks_f\sharp\sharprock_wallv.p3d:geometryFire
15:34:32 Strange convex component40 in a3\rocks_f\sharp\sharprock_wallv.p3d:geometryFire
15:34:32 Strange convex component45 in a3\rocks_f\sharp\sharprock_wallv.p3d:geometryFire
15:34:32 Strange convex component53 in a3\rocks_f\sharp\sharprock_wallv.p3d:geometryFire
15:34:32 Strange convex component61 in a3\rocks_f\sharp\sharprock_wallv.p3d:geometryFire
15:34:32 Strange convex component71 in a3\rocks_f\sharp\sharprock_wallv.p3d:geometryFire
15:34:32 Strange convex component91 in a3\rocks_f\sharp\sharprock_wallv.p3d:geometryFire
15:34:32 Strange convex component92 in a3\rocks_f\sharp\sharprock_wallv.p3d:geometryFire
15:34:32 Strange convex component93 in a3\rocks_f\sharp\sharprock_wallv.p3d:geometryFire
15:34:32 Strange convex component103 in a3\rocks_f\sharp\sharprock_wallv.p3d:geometryFire
15:34:32 Strange convex component111 in a3\rocks_f\sharp\sharprock_wallv.p3d:geometryFire
15:34:32 Strange convex component129 in a3\rocks_f\sharp\sharprock_wallv.p3d:geometryFire
15:34:32 Strange convex component131 in a3\rocks_f\sharp\sharprock_wallv.p3d:geometryFire
15:34:32 Strange convex component135 in a3\rocks_f\sharp\sharprock_wallv.p3d:geometryFire
15:34:32 Strange convex component141 in a3\rocks_f\sharp\sharprock_wallv.p3d:geometryFire
15:34:32 Strange convex component160 in a3\rocks_f\sharp\sharprock_wallv.p3d:geometryFire
15:34:32 Strange convex component204 in a3\rocks_f\sharp\sharprock_wallv.p3d:geometryFire
15:34:32 Strange convex component217 in a3\rocks_f\sharp\sharprock_wallv.p3d:geometryFire
15:34:32 Strange convex component254 in a3\rocks_f\sharp\sharprock_wallv.p3d:geometryFire
15:34:32 Strange convex component260 in a3\rocks_f\sharp\sharprock_wallv.p3d:geometryFire
15:34:32 Strange convex component295 in a3\rocks_f\sharp\sharprock_wallv.p3d:geometryFire
15:34:32 Strange convex component309 in a3\rocks_f\sharp\sharprock_wallv.p3d:geometryFire
15:34:32 Strange convex component315 in a3\rocks_f\sharp\sharprock_wallv.p3d:geometryFire
15:34:39 Weather was forced to change
15:34:42 Fresnel k must be >0, given n=2.51,k=0
15:34:42 Loading movesType CfgMovesSnakes_F
15:34:42 Reading cached action map data
15:34:44 Loading movesType CfgMovesButterfly
15:34:44 Reading cached action map data
15:34:45 Loading movesType CfgMovesRabbit_F
15:34:45 Reading cached action map data
15:34:50 Loading movesType CfgMovesBird
15:34:50 Reading cached action map data
